This is pdfeTeX, Version 3.141592-1.20a-rc7.2-2.2 (MiKTeX 2.4) (preloaded format=latex 2005.12.17)  4 JUL 2006 11:34
entering extended mode
**gbm.tex
(gbm.tex
LaTeX2e <2003/12/01>
Babel <v3.8a> and hyphenation patterns for english, french, german, ngerman, du
mylang, nohyphenation, loaded.
(D:\Tools\MikTeX\tex\latex\base\article.cls
Document Class: article 2004/02/16 v1.4f Standard LaTeX document class
(D:\Tools\MikTeX\tex\latex\base\size10.clo
File: size10.clo 2004/02/16 v1.4f Standard LaTeX file (size option)
)
\c@part=\count79
\c@section=\count80
\c@subsection=\count81
\c@subsubsection=\count82
\c@paragraph=\count83
\c@subparagraph=\count84
\c@figure=\count85
\c@table=\count86
\abovecaptionskip=\skip41
\belowcaptionskip=\skip42
\bibindent=\dimen102
) (D:\Tools\MikTeX\tex\latex\srcltx\srcltx.sty
Package: srcltx 2004/10/05 v1.5 Source specials for inverse search in DVI files

(D:\Tools\MikTeX\tex\latex\base\ifthen.sty
Package: ifthen 2001/05/26 v1.1c Standard LaTeX ifthen package (DPC)
)
\src@lastline=\count87
\src@new@everypar=\toks14
\src@new@output=\toks15
) (d:/R2.3.1/share/texmf/Sweave.sty

LaTeX Warning: You have requested package `d:/R2.3.1/share/texmf/Sweave',
               but the package provides `Sweave'.

Package: Sweave 
(D:\Tools\MikTeX\tex\latex\graphics\graphicx.sty
Package: graphicx 1999/02/16 v1.0f Enhanced LaTeX Graphics (DPC,SPQR)
(D:\Tools\MikTeX\tex\latex\graphics\keyval.sty
Package: keyval 1999/03/16 v1.13 key=value parser (DPC)
\KV@toks@=\toks16
) (D:\Tools\MikTeX\tex\latex\graphics\graphics.sty
Package: graphics 2001/07/07 v1.0n Standard LaTeX Graphics (DPC,SPQR)
(D:\Tools\MikTeX\tex\latex\graphics\trig.sty
Package: trig 1999/03/16 v1.09 sin cos tan (DPC)
) (D:\Tools\MikTeX\tex\latex\00miktex\graphics.cfg
File: graphics.cfg 2003/03/12 v1.1 MiKTeX 'graphics' configuration
)
Package graphics Info: Driver file: pdftex.def on input line 80.
Package srcltx Info: Expanded filename `pdftex.def' to `pdftex.def.tex' on inpu
t line 81.
:<+ pdftex.def.tex
(D:\Tools\MikTeX\tex\latex\graphics\pdftex.def
File: pdftex.def 2002/06/19 v0.03k graphics/color for pdftex
\Gread@gobject=\count88
)
:<-
)
\Gin@req@height=\dimen103
\Gin@req@width=\dimen104
) (D:\Tools\MikTeX\tex\latex\fancyvrb\fancyvrb.sty
Package: fancyvrb 1998/07/17
Style option: `fancyvrb' v2.6, with DG/SPQR fixes <1998/07/17> (tvz)
\FV@CodeLineNo=\count89
\FV@InFile=\read1
\FV@TabBox=\box26
\c@FancyVerbLine=\count90
\FV@StepNumber=\count91
\FV@OutFile=\write3
No file fancyvrb.cfg.
) (D:\Tools\MikTeX\tex\latex\upquote\upquote.sty
Package: upquote 2003/08/11 v1.1 Covington's upright-quote modification to verb
atim and verb
(D:\Tools\MikTeX\tex\latex\base\textcomp.sty
Package: textcomp 2004/02/22 v1.99f Standard LaTeX package
Package textcomp Info: Sub-encoding information:
(textcomp)               5 = only ISO-Adobe without \textcurrency
(textcomp)               4 = 5 + \texteuro
(textcomp)               3 = 4 + \textohm
(textcomp)               2 = 3 + \textestimated + \textcurrency
(textcomp)               1 = TS1 - \textcircled - \t
(textcomp)               0 = TS1 (full)
(textcomp)             Font families with sub-encoding setting implement
(textcomp)             only a restricted character set as indicated.
(textcomp)             Family '?' is the default used for unknown fonts.
(textcomp)             See the documentation for details.
Package textcomp Info: Setting ? sub-encoding to TS1/1 on input line 71.
Package srcltx Info: Expanded filename `ts1enc.def' to `ts1enc.def.tex' on inpu
t line 262.
:<+ ts1enc.def.tex
(D:\Tools\MikTeX\tex\latex\base\ts1enc.def
File: ts1enc.def 2001/06/05 v3.0e (jk/car/fm) Standard LaTeX file
)
:<-
LaTeX Info: Redefining \oldstylenums on input line 266.
Package textcomp Info: Setting cmr sub-encoding to TS1/0 on input line 281.
Package textcomp Info: Setting cmss sub-encoding to TS1/0 on input line 282.
Package textcomp Info: Setting cmtt sub-encoding to TS1/0 on input line 283.
Package textcomp Info: Setting cmvtt sub-encoding to TS1/0 on input line 284.
Package textcomp Info: Setting cmbr sub-encoding to TS1/0 on input line 285.
Package textcomp Info: Setting cmtl sub-encoding to TS1/0 on input line 286.
Package textcomp Info: Setting ccr sub-encoding to TS1/0 on input line 287.
Package textcomp Info: Setting ptm sub-encoding to TS1/4 on input line 288.
Package textcomp Info: Setting pcr sub-encoding to TS1/4 on input line 289.
Package textcomp Info: Setting phv sub-encoding to TS1/4 on input line 290.
Package textcomp Info: Setting ppl sub-encoding to TS1/3 on input line 291.
Package textcomp Info: Setting pag sub-encoding to TS1/4 on input line 292.
Package textcomp Info: Setting pbk sub-encoding to TS1/4 on input line 293.
Package textcomp Info: Setting pnc sub-encoding to TS1/4 on input line 294.
Package textcomp Info: Setting pzc sub-encoding to TS1/4 on input line 295.
Package textcomp Info: Setting bch sub-encoding to TS1/4 on input line 296.
Package textcomp Info: Setting put sub-encoding to TS1/5 on input line 297.
Package textcomp Info: Setting uag sub-encoding to TS1/5 on input line 298.
Package textcomp Info: Setting ugq sub-encoding to TS1/5 on input line 299.
Package textcomp Info: Setting ul8 sub-encoding to TS1/4 on input line 300.
Package textcomp Info: Setting ul9 sub-encoding to TS1/4 on input line 301.
Package textcomp Info: Setting augie sub-encoding to TS1/5 on input line 302.
Package textcomp Info: Setting dayrom sub-encoding to TS1/3 on input line 303.
Package textcomp Info: Setting dayroms sub-encoding to TS1/3 on input line 304.

Package textcomp Info: Setting pxr sub-encoding to TS1/0 on input line 305.
Package textcomp Info: Setting pxss sub-encoding to TS1/0 on input line 306.
Package textcomp Info: Setting pxtt sub-encoding to TS1/0 on input line 307.
Package textcomp Info: Setting txr sub-encoding to TS1/0 on input line 308.
Package textcomp Info: Setting txss sub-encoding to TS1/0 on input line 309.
Package textcomp Info: Setting txtt sub-encoding to TS1/0 on input line 310.
Package textcomp Info: Setting futs sub-encoding to TS1/4 on input line 311.
Package textcomp Info: Setting futx sub-encoding to TS1/4 on input line 312.
Package textcomp Info: Setting futj sub-encoding to TS1/4 on input line 313.
Package textcomp Info: Setting hlh sub-encoding to TS1/3 on input line 314.
Package textcomp Info: Setting hls sub-encoding to TS1/3 on input line 315.
Package textcomp Info: Setting hlst sub-encoding to TS1/3 on input line 316.
Package textcomp Info: Setting hlct sub-encoding to TS1/5 on input line 317.
Package textcomp Info: Setting hlx sub-encoding to TS1/5 on input line 318.
Package textcomp Info: Setting hlce sub-encoding to TS1/5 on input line 319.
Package textcomp Info: Setting hlcn sub-encoding to TS1/5 on input line 320.
Package textcomp Info: Setting hlcw sub-encoding to TS1/5 on input line 321.
Package textcomp Info: Setting hlcf sub-encoding to TS1/5 on input line 322.
Package textcomp Info: Setting pplx sub-encoding to TS1/3 on input line 323.
Package textcomp Info: Setting pplj sub-encoding to TS1/3 on input line 324.
Package textcomp Info: Setting ptmx sub-encoding to TS1/4 on input line 325.
Package textcomp Info: Setting ptmj sub-encoding to TS1/4 on input line 326.
)) (D:\Tools\MikTeX\tex\latex\base\fontenc.sty
Package: fontenc 2004/02/22 v1.99f Standard LaTeX package
(D:\Tools\MikTeX\tex\latex\base\t1enc.def
File: t1enc.def 2004/02/22 v1.99f Standard LaTeX file
LaTeX Font Info:    Redeclaring font encoding T1 on input line 43.
)) (D:\Tools\MikTeX\tex\latex\ae\ae.sty
Package: ae 2001/02/12 1.3 Almost European Computer Modern
(D:\Tools\MikTeX\tex\latex\base\fontenc.sty
Package: fontenc 2004/02/22 v1.99f Standard LaTeX package
(D:\Tools\MikTeX\tex\latex\base\t1enc.def
File: t1enc.def 2004/02/22 v1.99f Standard LaTeX file
LaTeX Font Info:    Redeclaring font encoding T1 on input line 43.
)
LaTeX Font Info:    Try loading font information for T1+aer on input line 100.
(D:\Tools\MikTeX\tex\latex\ae\t1aer.fd
File: t1aer.fd 1997/11/16 Font definitions for T1/aer.
)))) (gbm.aux)
LaTeX Font Info:    Checking defaults for OML/cmm/m/it on input line 15.
LaTeX Font Info:    ... okay on input line 15.
LaTeX Font Info:    Checking defaults for T1/cmr/m/n on input line 15.
LaTeX Font Info:    ... okay on input line 15.
LaTeX Font Info:    Checking defaults for OT1/cmr/m/n on input line 15.
LaTeX Font Info:    ... okay on input line 15.
LaTeX Font Info:    Checking defaults for OMS/cmsy/m/n on input line 15.
LaTeX Font Info:    ... okay on input line 15.
LaTeX Font Info:    Checking defaults for OMX/cmex/m/n on input line 15.
LaTeX Font Info:    ... okay on input line 15.
LaTeX Font Info:    Checking defaults for U/cmr/m/n on input line 15.
LaTeX Font Info:    ... okay on input line 15.
LaTeX Font Info:    Checking defaults for TS1/cmr/m/n on input line 15.
LaTeX Font Info:    Try loading font information for TS1+cmr on input line 15.
(D:\Tools\MikTeX\tex\latex\base\ts1cmr.fd
File: ts1cmr.fd 1999/05/25 v2.5h Standard LaTeX font definitions
)
LaTeX Font Info:    ... okay on input line 15.
(D:\Tools\MikTeX\tex\context\base\supp-pdf.tex (D:\Tools\MikTeX\tex\context\bas
e\supp-mis.tex
loading : Context Support Macros / Miscellaneous 
\protectiondepth=\count92
\scratchcounter=\count93
\scratchtoks=\toks17
\scratchdimen=\dimen105
\scratchskip=\skip43
\scratchmuskip=\muskip10
\scratchbox=\box27
\scratchread=\read2
\scratchwrite=\write4
\zeropoint=\dimen106
\onepoint=\dimen107
\onebasepoint=\dimen108
\minusone=\count94
\thousandpoint=\dimen109
\onerealpoint=\dimen110
\emptytoks=\toks18
\nextbox=\box28
\nextdepth=\dimen111
\everyline=\toks19
\!!counta=\count95
\!!countb=\count96
\recursecounter=\count97
)
loading : Context Support Macros / PDF (2004.03.26)
\nofMPsegments=\count98
\nofMParguments=\count99
\everyMPtoPDFconversion=\toks20
)
LaTeX Font Info:    External font `cmex10' loaded for size
(Font)              <12> on input line 17.
LaTeX Font Info:    External font `cmex10' loaded for size
(Font)              <8> on input line 17.
LaTeX Font Info:    External font `cmex10' loaded for size
(Font)              <6> on input line 17.

Overfull \hbox (16.34999pt too wide) in paragraph at lines 29--29
 [] 
 []

LaTeX Font Info:    External font `cmex10' loaded for size
(Font)              <7> on input line 30.
LaTeX Font Info:    External font `cmex10' loaded for size
(Font)              <5> on input line 30.
LaTeX Font Info:    External font `cmex10' loaded for size
(Font)              <24.88> on input line 35.
LaTeX Font Info:    External font `cmex10' loaded for size
(Font)              <20.74> on input line 35.
LaTeX Font Info:    External font `cmex10' loaded for size
(Font)              <17.28> on input line 35.

Overfull \hbox (16.34999pt too wide) in paragraph at lines 47--47
 [] 
 []

[1

{sfonts.map}] [2] [3] [4]
Overfull \hbox (16.34999pt too wide) in paragraph at lines 151--151
 [] 
 []

LaTeX Font Info:    Try loading font information for TS1+aer on input line 154.

LaTeX Font Info:    No file TS1aer.fd. on input line 154.

LaTeX Font Warning: Font shape `TS1/aer/m/n' undefined
(Font)              using `TS1/cmr/m/n' instead
(Font)              for symbol `textbullet' on input line 154.

LaTeX Font Info:    Try loading font information for T1+aett on input line 154.

(D:\Tools\MikTeX\tex\latex\ae\t1aett.fd
File: t1aett.fd 1997/11/16 Font definitions for T1/aett.
)
Overfull \hbox (16.34999pt too wide) in paragraph at lines 180--180
 [] 
 []

[5] [6] <shrinkage-v-iterations.pdf, id=66, 561.09625pt x 433.62pt>
File: shrinkage-v-iterations.pdf Graphic file (type pdf)
<use shrinkage-v-iterations.pdf>
Overfull \hbox (16.34999pt too wide) in paragraph at lines 196--197
 [] 
 []


Overfull \hbox (3.16547pt too wide) in paragraph at lines 205--206
\T1/aer/m/n/10 gle hold-out test set to se-lect the op-ti-mal num-ber of it-er-
a-tions. If \T1/aett/m/n/10 train.fraction
 []

[7] <oobperf2.pdf, id=71, 349.305pt x 215.80624pt>
File: oobperf2.pdf Graphic file (type pdf)
<use oobperf2.pdf>
Overfull \hbox (16.34999pt too wide) in paragraph at lines 213--214
 [] 
 []

[8 <shrinkage-v-iterations.pdf>] [9 <oobperf2.pdf>] [10] [11] [12] (gbm.aux)

LaTeX Font Warning: Some font shapes were not available, defaults substituted.

 ) 
Here is how much of TeX's memory you used:
 2336 strings out of 95519
 28740 string characters out of 1189454
 74002 words of memory out of 1072146
 5299 multiletter control sequences out of 35000
 41044 words of font info for 87 fonts, out of 500000 for 1000
 14 hyphenation exceptions out of 607
 35i,11n,21p,1433b,283s stack positions out of 1500i,500n,5000p,200000b,32768s
 115 PDF objects out of 300000
 0 named destinations out of 300000
 11 words of extra memory for PDF output out of 65536
<D:\Tools\MikTeX\fonts\type1\bluesky\cm\cmti9.pfb><D:\Tools\MikTeX\fonts\type
1\bluesky\cm\cmr9.pfb><D:\Tools\MikTeX\fonts\type1\bluesky\cm\cmmib10.pfb>{r.en
c} <D:\Tools\MikTeX2\localtexmf\fonts\pk\ljfour\jknappen\ec\dpi600\tcrm1000.pk>
<D:\Tools\MikTeX\fonts\type1\bluesky\cm\cmtt10.pfb><D:\Tools\MikTeX\fonts\type1
\bluesky\cm\cmti10.pfb><D:\Tools\MikTeX\fonts\type1\bluesky\cm\cmsy7.pfb><D:\To
ols\MikTeX\fonts\type1\bluesky\cm\cmmi5.pfb><D:\Tools\MikTeX\fonts\type1\bluesk
y\cm\cmsy10.pfb><D:\Tools\MikTeX\fonts\type1\bluesky\cm\cmex10.pfb><D:\Tools\Mi
kTeX\fonts\type1\bluesky\cm\cmbx7.pfb><D:\Tools\MikTeX\fonts\type1\bluesky\cm\c
mr7.pfb><D:\Tools\MikTeX\fonts\type1\bluesky\cm\cmmi7.pfb><D:\Tools\MikTeX\font
s\type1\bluesky\cm\cmbx10.pfb><D:\Tools\MikTeX\fonts\type1\bluesky\cm\cmmi10.pf
b><D:\Tools\MikTeX\fonts\type1\bluesky\cm\cmbx12.pfb><D:\Tools\MikTeX\fonts\typ
e1\bluesky\cm\cmr10.pfb><D:\Tools\MikTeX\fonts\type1\bluesky\cm\cmr12.pfb><D:\T
ools\MikTeX\fonts\type1\bluesky\cm\cmr17.pfb>
Output written on gbm.pdf (12 pages, 174329 bytes).
