This is pdfTeX, Version 3.14159265-2.6-1.40.16 (MiKTeX 2.9) (preloaded format=pdflatex 2015.11.3)  1 DEC 2015 19:47
entering extended mode
**finalReport.tex
(finalReport.tex
LaTeX2e <2015/01/01> patch level 2
Babel <3.9m> and hyphenation patterns for 69 languages loaded.
(IEEEtran.cls
Document Class: IEEEtran 2014/09/17 V1.8a by Michael Shell
-- See the "IEEEtran_HOWTO" manual for usage information.
-- http://www.michaelshell.org/tex/ieeetran/
\@IEEEtrantmpdimenA=\dimen102
\@IEEEtrantmpdimenB=\dimen103
\@IEEEtrantmpdimenC=\dimen104
\@IEEEtrantmpcountA=\count79
\@IEEEtrantmpcountB=\count80
\@IEEEtrantmpcountC=\count81
\@IEEEtrantmptoksA=\toks14
LaTeX Font Info:    Try loading font information for OT1+ptm on input line 458.

("C:\Program Files (x86)\MiKTeX 2.9\tex\latex\psnfss\ot1ptm.fd"
File: ot1ptm.fd 2001/06/04 font definitions for OT1/ptm.
)
-- Using 8.5in x 11in (letter) paper.
-- Using PDF output.
\@IEEEnormalsizeunitybaselineskip=\dimen105
-- This is a 9 point document.
\CLASSINFOnormalsizebaselineskip=\dimen106
\CLASSINFOnormalsizeunitybaselineskip=\dimen107
\IEEEnormaljot=\dimen108
LaTeX Font Info:    Font shape `OT1/ptm/bx/n' in size <5> not available
(Font)              Font shape `OT1/ptm/b/n' tried instead on input line 1039.
LaTeX Font Info:    Font shape `OT1/ptm/bx/it' in size <5> not available
(Font)              Font shape `OT1/ptm/b/it' tried instead on input line 1039.

LaTeX Font Info:    Font shape `OT1/ptm/bx/n' in size <7> not available
(Font)              Font shape `OT1/ptm/b/n' tried instead on input line 1039.
LaTeX Font Info:    Font shape `OT1/ptm/bx/it' in size <7> not available
(Font)              Font shape `OT1/ptm/b/it' tried instead on input line 1039.

LaTeX Font Info:    Font shape `OT1/ptm/bx/n' in size <8> not available
(Font)              Font shape `OT1/ptm/b/n' tried instead on input line 1039.
LaTeX Font Info:    Font shape `OT1/ptm/bx/it' in size <8> not available
(Font)              Font shape `OT1/ptm/b/it' tried instead on input line 1039.

LaTeX Font Info:    Font shape `OT1/ptm/bx/n' in size <8.5> not available
(Font)              Font shape `OT1/ptm/b/n' tried instead on input line 1039.
LaTeX Font Info:    Font shape `OT1/ptm/bx/it' in size <8.5> not available
(Font)              Font shape `OT1/ptm/b/it' tried instead on input line 1039.

LaTeX Font Info:    Font shape `OT1/ptm/bx/n' in size <9> not available
(Font)              Font shape `OT1/ptm/b/n' tried instead on input line 1039.
LaTeX Font Info:    Font shape `OT1/ptm/bx/it' in size <9> not available
(Font)              Font shape `OT1/ptm/b/it' tried instead on input line 1039.

LaTeX Font Info:    Font shape `OT1/ptm/bx/n' in size <10> not available
(Font)              Font shape `OT1/ptm/b/n' tried instead on input line 1039.
LaTeX Font Info:    Font shape `OT1/ptm/bx/it' in size <10> not available
(Font)              Font shape `OT1/ptm/b/it' tried instead on input line 1039.

LaTeX Font Info:    Font shape `OT1/ptm/bx/n' in size <14> not available
(Font)              Font shape `OT1/ptm/b/n' tried instead on input line 1039.
LaTeX Font Info:    Font shape `OT1/ptm/bx/it' in size <14> not available
(Font)              Font shape `OT1/ptm/b/it' tried instead on input line 1039.

LaTeX Font Info:    Font shape `OT1/ptm/bx/n' in size <17> not available
(Font)              Font shape `OT1/ptm/b/n' tried instead on input line 1039.
LaTeX Font Info:    Font shape `OT1/ptm/bx/it' in size <17> not available
(Font)              Font shape `OT1/ptm/b/it' tried instead on input line 1039.

LaTeX Font Info:    Font shape `OT1/ptm/bx/n' in size <20> not available
(Font)              Font shape `OT1/ptm/b/n' tried instead on input line 1039.
LaTeX Font Info:    Font shape `OT1/ptm/bx/it' in size <20> not available
(Font)              Font shape `OT1/ptm/b/it' tried instead on input line 1039.

\IEEEquantizedlength=\dimen109
\IEEEquantizedlengthdiff=\dimen110
\IEEEquantizedtextheightdiff=\dimen111
\IEEEilabelindentA=\dimen112
\IEEEilabelindentB=\dimen113
\IEEEilabelindent=\dimen114
\IEEEelabelindent=\dimen115
\IEEEdlabelindent=\dimen116
\IEEElabelindent=\dimen117
\IEEEiednormlabelsep=\dimen118
\IEEEiedmathlabelsep=\dimen119
\IEEEiedtopsep=\skip41
\c@section=\count82
\c@subsection=\count83
\c@subsubsection=\count84
\c@paragraph=\count85
\c@IEEEsubequation=\count86
\abovecaptionskip=\skip42
\belowcaptionskip=\skip43
\c@figure=\count87
\c@table=\count88
\@IEEEeqnnumcols=\count89
\@IEEEeqncolcnt=\count90
\@IEEEsubeqnnumrollback=\count91
\@IEEEquantizeheightA=\dimen120
\@IEEEquantizeheightB=\dimen121
\@IEEEquantizeheightC=\dimen122
\@IEEEquantizeprevdepth=\dimen123
\@IEEEquantizemultiple=\count92
\@IEEEquantizeboxA=\box26
\@IEEEtmpitemindent=\dimen124
\c@IEEEbiography=\count93
\@IEEEtranrubishbin=\box27
) ("C:\Program Files (x86)\MiKTeX 2.9\tex\latex\cite\cite.sty"
LaTeX Info: Redefining \cite on input line 302.
LaTeX Info: Redefining \nocite on input line 332.
Package: cite 2015/02/27  v 5.5
)
("C:\Program Files (x86)\MiKTeX 2.9\tex\latex\graphics\graphicx.sty"
Package: graphicx 2014/10/28 v1.0g Enhanced LaTeX Graphics (DPC,SPQR)

("C:\Program Files (x86)\MiKTeX 2.9\tex\latex\graphics\keyval.sty"
Package: keyval 2014/10/28 v1.15 key=value parser (DPC)
\KV@toks@=\toks15
)
("C:\Program Files (x86)\MiKTeX 2.9\tex\latex\graphics\graphics.sty"
Package: graphics 2014/10/28 v1.0p Standard LaTeX Graphics (DPC,SPQR)

("C:\Program Files (x86)\MiKTeX 2.9\tex\latex\graphics\trig.sty"
Package: trig 1999/03/16 v1.09 sin cos tan (DPC)
)
("C:\Program Files (x86)\MiKTeX 2.9\tex\latex\00miktex\graphics.cfg"
File: graphics.cfg 2007/01/18 v1.5 graphics configuration of teTeX/TeXLive
)
Package graphics Info: Driver file: pdftex.def on input line 94.

("C:\Program Files (x86)\MiKTeX 2.9\tex\latex\pdftex-def\pdftex.def"
File: pdftex.def 2011/05/27 v0.06d Graphics/color for pdfTeX

("C:\Program Files (x86)\MiKTeX 2.9\tex\generic\oberdiek\infwarerr.sty"
Package: infwarerr 2010/04/08 v1.3 Providing info/warning/error messages (HO)
)
("C:\Program Files (x86)\MiKTeX 2.9\tex\generic\oberdiek\ltxcmds.sty"
Package: ltxcmds 2011/11/09 v1.22 LaTeX kernel commands for general use (HO)
)
\Gread@gobject=\count94
))
\Gin@req@height=\dimen125
\Gin@req@width=\dimen126
)
("C:\Program Files (x86)\MiKTeX 2.9\tex\latex\amsmath\amsmath.sty"
Package: amsmath 2013/01/14 v2.14 AMS math features
\@mathmargin=\skip44

For additional information on amsmath, use the `?' option.
("C:\Program Files (x86)\MiKTeX 2.9\tex\latex\amsmath\amstext.sty"
Package: amstext 2000/06/29 v2.01

("C:\Program Files (x86)\MiKTeX 2.9\tex\latex\amsmath\amsgen.sty"
File: amsgen.sty 1999/11/30 v2.0
\@emptytoks=\toks16
\ex@=\dimen127
))
("C:\Program Files (x86)\MiKTeX 2.9\tex\latex\amsmath\amsbsy.sty"
Package: amsbsy 1999/11/29 v1.2d
\pmbraise@=\dimen128
)
("C:\Program Files (x86)\MiKTeX 2.9\tex\latex\amsmath\amsopn.sty"
Package: amsopn 1999/12/14 v2.01 operator names
)
\inf@bad=\count95
LaTeX Info: Redefining \frac on input line 210.
\uproot@=\count96
\leftroot@=\count97
LaTeX Info: Redefining \overline on input line 306.
\classnum@=\count98
\DOTSCASE@=\count99
LaTeX Info: Redefining \ldots on input line 378.
LaTeX Info: Redefining \dots on input line 381.
LaTeX Info: Redefining \cdots on input line 466.
\Mathstrutbox@=\box28
\strutbox@=\box29
\big@size=\dimen129
LaTeX Font Info:    Redeclaring font encoding OML on input line 566.
LaTeX Font Info:    Redeclaring font encoding OMS on input line 567.
\macc@depth=\count100
\c@MaxMatrixCols=\count101
\dotsspace@=\muskip10
\c@parentequation=\count102
\dspbrk@lvl=\count103
\tag@help=\toks17
\row@=\count104
\column@=\count105
\maxfields@=\count106
\andhelp@=\toks18
\eqnshift@=\dimen130
\alignsep@=\dimen131
\tagshift@=\dimen132
\tagwidth@=\dimen133
\totwidth@=\dimen134
\lineht@=\dimen135
\@envbody=\toks19
\multlinegap=\skip45
\multlinetaggap=\skip46
\mathdisplay@stack=\toks20
LaTeX Info: Redefining \[ on input line 2665.
LaTeX Info: Redefining \] on input line 2666.
)
("C:\Program Files (x86)\MiKTeX 2.9\tex\latex\base\fixltx2e.sty"
Package: fixltx2e 2015/06/22 v2.0b fixes to LaTeX (obsolete)


Package fixltx2e Warning: fixltx2e is not required with releases after 2015
(fixltx2e)                All fixes are now in the LaTeX kernel.
(fixltx2e)                See the latexrelease package for details.

) ("C:\Program Files (x86)\MiKTeX 2.9\tex\latex\url\url.sty"
\Urlmuskip=\muskip11
Package: url 2013/09/16  ver 3.4  Verb mode for urls, etc.
)
("C:\Program Files (x86)\MiKTeX 2.9\tex\latex\placeins\placeins.sty"
Package: placeins 2005/04/18  v 2.2
)
("C:\Program Files (x86)\MiKTeX 2.9\tex\latex\fancyvrb\fancyvrb.sty"
Package: fancyvrb 2008/02/07

Style option: `fancyvrb' v2.7a, with DG/SPQR fixes, and firstline=lastline fix 
<2008/02/07> (tvz)
\FV@CodeLineNo=\count107
\FV@InFile=\read1
\FV@TabBox=\box30
\c@FancyVerbLine=\count108
\FV@StepNumber=\count109
\FV@OutFile=\write3
)
("C:\Program Files (x86)\MiKTeX 2.9\tex\latex\caption\caption2.sty"
Package: caption2 2015/09/15 v2.2-100 Customising captions (AR)


Package caption2 Warning: ****************************************************
(caption2)                THIS PACKAGE IS OBSOLETE:
(caption2)                This package attempts to provide an `caption2'
(caption2)                package v2.0/2.1 author environment so that OLD
(caption2)                documents can be successfully processed. It should
(caption2)                NOT be used for NEW documents! New documents should
(caption2)                use the regular `caption' package v3.x instead.
(caption2)                ****************************************************

("C:\Program Files (x86)\MiKTeX 2.9\tex\latex\caption\caption3.sty"
Package: caption3 2015/09/20 v1.7-115 caption3 kernel (AR)
Package caption3 Info: TeX engine: e-TeX on input line 57.
\captionmargin=\dimen136
\captionmargin@=\dimen137
\captionwidth=\dimen138
\caption@tempdima=\dimen139
\caption@indent=\dimen140
\caption@parindent=\dimen141
\caption@hangindent=\dimen142
Package caption Info: Unknown document class (or package),
(caption)             standard defaults will be used.
)
Package caption2 Info: Running in caption2 v2.0 compatibility mode on input lin
e 221.
\captionlinewidth=\dimen143
\realcaptionwidth=\dimen144
)
("C:\Program Files (x86)\MiKTeX 2.9\tex\latex\comment\comment.sty"
\CommentStream=\write4

Excluding comment 'comment')
("C:\Program Files (x86)\MiKTeX 2.9\tex\latex\tools\hhline.sty"
Package: hhline 2014/10/28 v2.03 Table rule package (DPC)
)
("C:\Program Files (x86)\MiKTeX 2.9\tex\latex\algorithm2e\algorithm2e.sty"
Package: algorithm2e 2013/01/06 v5.00 algorithms environments
\c@AlgoLine=\count110

("C:\Program Files (x86)\MiKTeX 2.9\tex\latex\base\ifthen.sty"
Package: ifthen 2014/09/29 v1.1c Standard LaTeX ifthen package (DPC)
)
("C:\Program Files (x86)\MiKTeX 2.9\tex\latex\tools\xspace.sty"
Package: xspace 2014/10/28 v1.13 Space after command names (DPC,MH)
)
("C:\Program Files (x86)\MiKTeX 2.9\tex\latex\ltxmisc\relsize.sty"
Package: relsize 2003/07/04 ver 3.1
)
********************************************************
Package `algorithm2e' Release 5.0 -- january 06 2013 --
- algorithm2e-announce@lirmm.fr mailing list for announcement about releases
- algorithm2e-discussion@lirmm.fr mailing list for discussion about package
subscribe by emailing sympa@lirmm.fr with 'subscribe <list> <firstname name>'
- Author: Christophe Fiorio (cfiorio@um2.fr)
********************************************************
\skiptotal=\skip47
\skiplinenumber=\skip48
\skiprule=\skip49
\skiphlne=\skip50
\skiptext=\skip51
\skiplength=\skip52
\algomargin=\skip53
\skipalgocfslide=\skip54
\algowidth=\dimen145
\inoutsize=\dimen146
\inoutindent=\dimen147
\interspacetitleruled=\dimen148
\interspacealgoruled=\dimen149
\interspacetitleboxruled=\dimen150
\algocf@inoutbox=\box31
\algocf@inputbox=\box32
\AlCapSkip=\skip55
\AlCapHSkip=\skip56
\algoskipindent=\skip57
\algocf@nlbox=\box33
\algocf@hangingbox=\box34
\algocf@untilbox=\box35
\algocf@skipuntil=\skip58
\algocf@capbox=\box36
\algoheightruledefault=\skip59
\algoheightrule=\skip60
\algotitleheightruledefault=\skip61
\algotitleheightrule=\skip62
\c@algocfline=\count111
\c@algocfproc=\count112
\c@algocf=\count113
\algocf@algoframe=\box37
\algocf@algobox=\box38
) ("C:\Program Files (x86)\MiKTeX 2.9\tex\latex\filecontents\filecontents.sty"
Package: filecontents 2011/10/08 v1.3 Create an external file from within a LaT
eX document
) ("C:\Program Files (x86)\MiKTeX 2.9\tex\latex\lipsum\lipsum.sty"
Package: lipsum 2014/07/27 v1.3 150 paragraphs of Lorem Ipsum dummy text
\c@lips@count=\count114
)
("C:\Program Files (x86)\MiKTeX 2.9\tex\latex\todonotes\todonotes.sty"
Package: todonotes 2015/07/09 .dtx Todonotes source and documentation.
Package: todonotes 2012/07/25

("C:\Program Files (x86)\MiKTeX 2.9\tex\latex\xkeyval\xkeyval.sty"
Package: xkeyval 2014/12/03 v2.7a package option processing (HA)

("C:\Program Files (x86)\MiKTeX 2.9\tex\generic\xkeyval\xkeyval.tex"
("C:\Program Files (x86)\MiKTeX 2.9\tex\generic\xkeyval\xkvutils.tex"
\XKV@toks=\toks21
\XKV@tempa@toks=\toks22
)
\XKV@depth=\count115
File: xkeyval.tex 2014/12/03 v2.7a key=value parser (HA)
))
("C:\Program Files (x86)\MiKTeX 2.9\tex\latex\xcolor\xcolor.sty"
Package: xcolor 2007/01/21 v2.11 LaTeX color extensions (UK)

("C:\Program Files (x86)\MiKTeX 2.9\tex\latex\00miktex\color.cfg"
File: color.cfg 2007/01/18 v1.5 color configuration of teTeX/TeXLive
)
Package xcolor Info: Driver file: pdftex.def on input line 225.
Package xcolor Info: Model `cmy' substituted by `cmy0' on input line 1337.
Package xcolor Info: Model `hsb' substituted by `rgb' on input line 1341.
Package xcolor Info: Model `RGB' extended on input line 1353.
Package xcolor Info: Model `HTML' substituted by `rgb' on input line 1355.
Package xcolor Info: Model `Hsb' substituted by `hsb' on input line 1356.
Package xcolor Info: Model `tHsb' substituted by `hsb' on input line 1357.
Package xcolor Info: Model `HSB' substituted by `hsb' on input line 1358.
Package xcolor Info: Model `Gray' substituted by `gray' on input line 1359.
Package xcolor Info: Model `wave' substituted by `hsb' on input line 1360.
)
("C:\Program Files (x86)\MiKTeX 2.9\tex\latex\pgf\frontendlayer\tikz.sty"
("C:\Program Files (x86)\MiKTeX 2.9\tex\latex\pgf\basiclayer\pgf.sty"
("C:\Program Files (x86)\MiKTeX 2.9\tex\latex\pgf\utilities\pgfrcs.sty"
("C:\Program Files (x86)\MiKTeX 2.9\tex\generic\pgf\utilities\pgfutil-common.te
x"
\pgfutil@everybye=\toks23
\pgfutil@tempdima=\dimen151
\pgfutil@tempdimb=\dimen152

("C:\Program Files (x86)\MiKTeX 2.9\tex\generic\pgf\utilities\pgfutil-common-li
sts.tex"))
("C:\Program Files (x86)\MiKTeX 2.9\tex\generic\pgf\utilities\pgfutil-latex.def
"
\pgfutil@abb=\box39
 ("C:\Program Files (x86)\MiKTeX 2.9\tex\latex\ms\everyshi.sty"
Package: everyshi 2001/05/15 v3.00 EveryShipout Package (MS)
))
("C:\Program Files (x86)\MiKTeX 2.9\tex\generic\pgf\utilities\pgfrcs.code.tex"
Package: pgfrcs 2015/08/07 v3.0.1a (rcs-revision 1.31)
))
Package: pgf 2015/08/07 v3.0.1a (rcs-revision 1.15)
 ("C:\Program Files (x86)\MiKTeX 2.9\tex\latex\pgf\basiclayer\pgfcore.sty"
("C:\Program Files (x86)\MiKTeX 2.9\tex\latex\pgf\systemlayer\pgfsys.sty"
("C:\Program Files (x86)\MiKTeX 2.9\tex\generic\pgf\systemlayer\pgfsys.code.tex
"
Package: pgfsys 2014/07/09 v3.0.1a (rcs-revision 1.48)
 ("C:\Program Files (x86)\MiKTeX 2.9\tex\generic\pgf\utilities\pgfkeys.code.tex
"
\pgfkeys@pathtoks=\toks24
\pgfkeys@temptoks=\toks25

("C:\Program Files (x86)\MiKTeX 2.9\tex\generic\pgf\utilities\pgfkeysfiltered.c
ode.tex"
\pgfkeys@tmptoks=\toks26
))
\pgf@x=\dimen153
\pgf@y=\dimen154
\pgf@xa=\dimen155
\pgf@ya=\dimen156
\pgf@xb=\dimen157
\pgf@yb=\dimen158
\pgf@xc=\dimen159
\pgf@yc=\dimen160
\w@pgf@writea=\write5
\r@pgf@reada=\read2
\c@pgf@counta=\count116
\c@pgf@countb=\count117
\c@pgf@countc=\count118
\c@pgf@countd=\count119
\t@pgf@toka=\toks27
\t@pgf@tokb=\toks28
\t@pgf@tokc=\toks29

("C:\Program Files (x86)\MiKTeX 2.9\tex\generic\pgf\systemlayer\pgf.cfg"
File: pgf.cfg 2008/05/14  (rcs-revision 1.7)
)
Driver file for pgf: pgfsys-pdftex.def

("C:\Program Files (x86)\MiKTeX 2.9\tex\generic\pgf\systemlayer\pgfsys-pdftex.d
ef"
File: pgfsys-pdftex.def 2014/10/11  (rcs-revision 1.35)

("C:\Program Files (x86)\MiKTeX 2.9\tex\generic\pgf\systemlayer\pgfsys-common-p
df.def"
File: pgfsys-common-pdf.def 2013/10/10  (rcs-revision 1.13)
)))
("C:\Program Files (x86)\MiKTeX 2.9\tex\generic\pgf\systemlayer\pgfsyssoftpath.
code.tex"
File: pgfsyssoftpath.code.tex 2013/09/09  (rcs-revision 1.9)
\pgfsyssoftpath@smallbuffer@items=\count120
\pgfsyssoftpath@bigbuffer@items=\count121
)
("C:\Program Files (x86)\MiKTeX 2.9\tex\generic\pgf\systemlayer\pgfsysprotocol.
code.tex"
File: pgfsysprotocol.code.tex 2006/10/16  (rcs-revision 1.4)
))
("C:\Program Files (x86)\MiKTeX 2.9\tex\generic\pgf\basiclayer\pgfcore.code.tex
"
Package: pgfcore 2010/04/11 v3.0.1a (rcs-revision 1.7)
 ("C:\Program Files (x86)\MiKTeX 2.9\tex\generic\pgf\math\pgfmath.code.tex"
("C:\Program Files (x86)\MiKTeX 2.9\tex\generic\pgf\math\pgfmathcalc.code.tex"
("C:\Program Files (x86)\MiKTeX 2.9\tex\generic\pgf\math\pgfmathutil.code.tex")
("C:\Program Files (x86)\MiKTeX 2.9\tex\generic\pgf\math\pgfmathparser.code.tex
"
\pgfmath@dimen=\dimen161
\pgfmath@count=\count122
\pgfmath@box=\box40
\pgfmath@toks=\toks30
\pgfmath@stack@operand=\toks31
\pgfmath@stack@operation=\toks32
)
("C:\Program Files (x86)\MiKTeX 2.9\tex\generic\pgf\math\pgfmathfunctions.code.
tex"
("C:\Program Files (x86)\MiKTeX 2.9\tex\generic\pgf\math\pgfmathfunctions.basic
.code.tex")
("C:\Program Files (x86)\MiKTeX 2.9\tex\generic\pgf\math\pgfmathfunctions.trigo
nometric.code.tex")
("C:\Program Files (x86)\MiKTeX 2.9\tex\generic\pgf\math\pgfmathfunctions.rando
m.code.tex")
("C:\Program Files (x86)\MiKTeX 2.9\tex\generic\pgf\math\pgfmathfunctions.compa
rison.code.tex")
("C:\Program Files (x86)\MiKTeX 2.9\tex\generic\pgf\math\pgfmathfunctions.base.
code.tex")
("C:\Program Files (x86)\MiKTeX 2.9\tex\generic\pgf\math\pgfmathfunctions.round
.code.tex")
("C:\Program Files (x86)\MiKTeX 2.9\tex\generic\pgf\math\pgfmathfunctions.misc.
code.tex")
("C:\Program Files (x86)\MiKTeX 2.9\tex\generic\pgf\math\pgfmathfunctions.integ
erarithmetics.code.tex")))
("C:\Program Files (x86)\MiKTeX 2.9\tex\generic\pgf\math\pgfmathfloat.code.tex"
\c@pgfmathroundto@lastzeros=\count123
))
("C:\Program Files (x86)\MiKTeX 2.9\tex\generic\pgf\basiclayer\pgfcorepoints.co
de.tex"
File: pgfcorepoints.code.tex 2013/10/07  (rcs-revision 1.27)
\pgf@picminx=\dimen162
\pgf@picmaxx=\dimen163
\pgf@picminy=\dimen164
\pgf@picmaxy=\dimen165
\pgf@pathminx=\dimen166
\pgf@pathmaxx=\dimen167
\pgf@pathminy=\dimen168
\pgf@pathmaxy=\dimen169
\pgf@xx=\dimen170
\pgf@xy=\dimen171
\pgf@yx=\dimen172
\pgf@yy=\dimen173
\pgf@zx=\dimen174
\pgf@zy=\dimen175
)
("C:\Program Files (x86)\MiKTeX 2.9\tex\generic\pgf\basiclayer\pgfcorepathconst
ruct.code.tex"
File: pgfcorepathconstruct.code.tex 2013/10/07  (rcs-revision 1.29)
\pgf@path@lastx=\dimen176
\pgf@path@lasty=\dimen177
)
("C:\Program Files (x86)\MiKTeX 2.9\tex\generic\pgf\basiclayer\pgfcorepathusage
.code.tex"
File: pgfcorepathusage.code.tex 2014/11/02  (rcs-revision 1.24)
\pgf@shorten@end@additional=\dimen178
\pgf@shorten@start@additional=\dimen179
)
("C:\Program Files (x86)\MiKTeX 2.9\tex\generic\pgf\basiclayer\pgfcorescopes.co
de.tex"
File: pgfcorescopes.code.tex 2015/05/08  (rcs-revision 1.46)
\pgfpic=\box41
\pgf@hbox=\box42
\pgf@layerbox@main=\box43
\pgf@picture@serial@count=\count124
)
("C:\Program Files (x86)\MiKTeX 2.9\tex\generic\pgf\basiclayer\pgfcoregraphicst
ate.code.tex"
File: pgfcoregraphicstate.code.tex 2014/11/02  (rcs-revision 1.12)
\pgflinewidth=\dimen180
)
("C:\Program Files (x86)\MiKTeX 2.9\tex\generic\pgf\basiclayer\pgfcoretransform
ations.code.tex"
File: pgfcoretransformations.code.tex 2015/08/07  (rcs-revision 1.20)
\pgf@pt@x=\dimen181
\pgf@pt@y=\dimen182
\pgf@pt@temp=\dimen183
)
("C:\Program Files (x86)\MiKTeX 2.9\tex\generic\pgf\basiclayer\pgfcorequick.cod
e.tex"
File: pgfcorequick.code.tex 2008/10/09  (rcs-revision 1.3)
)
("C:\Program Files (x86)\MiKTeX 2.9\tex\generic\pgf\basiclayer\pgfcoreobjects.c
ode.tex"
File: pgfcoreobjects.code.tex 2006/10/11  (rcs-revision 1.2)
)
("C:\Program Files (x86)\MiKTeX 2.9\tex\generic\pgf\basiclayer\pgfcorepathproce
ssing.code.tex"
File: pgfcorepathprocessing.code.tex 2013/09/09  (rcs-revision 1.9)
)
("C:\Program Files (x86)\MiKTeX 2.9\tex\generic\pgf\basiclayer\pgfcorearrows.co
de.tex"
File: pgfcorearrows.code.tex 2015/05/14  (rcs-revision 1.43)
\pgfarrowsep=\dimen184
)
("C:\Program Files (x86)\MiKTeX 2.9\tex\generic\pgf\basiclayer\pgfcoreshade.cod
e.tex"
File: pgfcoreshade.code.tex 2013/07/15  (rcs-revision 1.15)
\pgf@max=\dimen185
\pgf@sys@shading@range@num=\count125
)
("C:\Program Files (x86)\MiKTeX 2.9\tex\generic\pgf\basiclayer\pgfcoreimage.cod
e.tex"
File: pgfcoreimage.code.tex 2013/07/15  (rcs-revision 1.18)

("C:\Program Files (x86)\MiKTeX 2.9\tex\generic\pgf\basiclayer\pgfcoreexternal.
code.tex"
File: pgfcoreexternal.code.tex 2014/07/09  (rcs-revision 1.21)
\pgfexternal@startupbox=\box44
))
("C:\Program Files (x86)\MiKTeX 2.9\tex\generic\pgf\basiclayer\pgfcorelayers.co
de.tex"
File: pgfcorelayers.code.tex 2013/07/18  (rcs-revision 1.7)
)
("C:\Program Files (x86)\MiKTeX 2.9\tex\generic\pgf\basiclayer\pgfcoretranspare
ncy.code.tex"
File: pgfcoretransparency.code.tex 2013/09/30  (rcs-revision 1.5)
)
("C:\Program Files (x86)\MiKTeX 2.9\tex\generic\pgf\basiclayer\pgfcorepatterns.
code.tex"
File: pgfcorepatterns.code.tex 2013/11/07  (rcs-revision 1.5)
)))
("C:\Program Files (x86)\MiKTeX 2.9\tex\generic\pgf\modules\pgfmoduleshapes.cod
e.tex"
File: pgfmoduleshapes.code.tex 2014/03/21  (rcs-revision 1.35)
\pgfnodeparttextbox=\box45
)
("C:\Program Files (x86)\MiKTeX 2.9\tex\generic\pgf\modules\pgfmoduleplot.code.
tex"
File: pgfmoduleplot.code.tex 2015/08/03  (rcs-revision 1.13)
)
("C:\Program Files (x86)\MiKTeX 2.9\tex\latex\pgf\compatibility\pgfcomp-version
-0-65.sty"
Package: pgfcomp-version-0-65 2007/07/03 v3.0.1a (rcs-revision 1.7)
\pgf@nodesepstart=\dimen186
\pgf@nodesepend=\dimen187
)
("C:\Program Files (x86)\MiKTeX 2.9\tex\latex\pgf\compatibility\pgfcomp-version
-1-18.sty"
Package: pgfcomp-version-1-18 2007/07/23 v3.0.1a (rcs-revision 1.1)
))
("C:\Program Files (x86)\MiKTeX 2.9\tex\latex\pgf\utilities\pgffor.sty"
("C:\Program Files (x86)\MiKTeX 2.9\tex\latex\pgf\utilities\pgfkeys.sty"
("C:\Program Files (x86)\MiKTeX 2.9\tex\generic\pgf\utilities\pgfkeys.code.tex"
)) ("C:\Program Files (x86)\MiKTeX 2.9\tex\latex\pgf\math\pgfmath.sty"
("C:\Program Files (x86)\MiKTeX 2.9\tex\generic\pgf\math\pgfmath.code.tex"))
("C:\Program Files (x86)\MiKTeX 2.9\tex\generic\pgf\utilities\pgffor.code.tex"
Package: pgffor 2013/12/13 v3.0.1a (rcs-revision 1.25)

("C:\Program Files (x86)\MiKTeX 2.9\tex\generic\pgf\math\pgfmath.code.tex")
\pgffor@iter=\dimen188
\pgffor@skip=\dimen189
\pgffor@stack=\toks33
\pgffor@toks=\toks34
))
("C:\Program Files (x86)\MiKTeX 2.9\tex\generic\pgf\frontendlayer\tikz\tikz.cod
e.tex"
Package: tikz 2015/08/07 v3.0.1a (rcs-revision 1.151)

("C:\Program Files (x86)\MiKTeX 2.9\tex\generic\pgf\libraries\pgflibraryplothan
dlers.code.tex"
File: pgflibraryplothandlers.code.tex 2013/08/31 v3.0.1a (rcs-revision 1.20)
\pgf@plot@mark@count=\count126
\pgfplotmarksize=\dimen190
)
\tikz@lastx=\dimen191
\tikz@lasty=\dimen192
\tikz@lastxsaved=\dimen193
\tikz@lastysaved=\dimen194
\tikzleveldistance=\dimen195
\tikzsiblingdistance=\dimen196
\tikz@figbox=\box46
\tikz@figbox@bg=\box47
\tikz@tempbox=\box48
\tikz@tempbox@bg=\box49
\tikztreelevel=\count127
\tikznumberofchildren=\count128
\tikznumberofcurrentchild=\count129
\tikz@fig@count=\count130

("C:\Program Files (x86)\MiKTeX 2.9\tex\generic\pgf\modules\pgfmodulematrix.cod
e.tex"
File: pgfmodulematrix.code.tex 2013/09/17  (rcs-revision 1.8)
\pgfmatrixcurrentrow=\count131
\pgfmatrixcurrentcolumn=\count132
\pgf@matrix@numberofcolumns=\count133
)
\tikz@expandcount=\count134

("C:\Program Files (x86)\MiKTeX 2.9\tex\generic\pgf\frontendlayer\tikz\librarie
s\tikzlibrarytopaths.code.tex"
File: tikzlibrarytopaths.code.tex 2008/06/17 v3.0.1a (rcs-revision 1.2)
)))
("C:\Program Files (x86)\MiKTeX 2.9\tex\generic\pgf\frontendlayer\tikz\librarie
s\tikzlibrarypositioning.code.tex"
File: tikzlibrarypositioning.code.tex 2008/10/06 v3.0.1a (rcs-revision 1.7)
)
("C:\Program Files (x86)\MiKTeX 2.9\tex\latex\tools\calc.sty"
Package: calc 2014/10/28 v4.3 Infix arithmetic (KKT,FJ)
\calc@Acount=\count135
\calc@Bcount=\count136
\calc@Adimen=\dimen197
\calc@Bdimen=\dimen198
\calc@Askip=\skip63
\calc@Bskip=\skip64
LaTeX Info: Redefining \setlength on input line 80.
LaTeX Info: Redefining \addtolength on input line 81.
\calc@Ccount=\count137
\calc@Cskip=\skip65
)
\c@@todonotes@numberoftodonotes=\count138
)
("C:\Program Files (x86)\MiKTeX 2.9\tex\latex\colortbl\colortbl.sty"
Package: colortbl 2012/02/13 v1.0a Color table columns (DPC)

("C:\Program Files (x86)\MiKTeX 2.9\tex\latex\tools\array.sty"
Package: array 2014/10/28 v2.4c Tabular extension package (FMi)
\col@sep=\dimen199
\extrarowheight=\dimen200
\NC@list=\toks35
\extratabsurround=\skip66
\backup@length=\skip67
)
\everycr=\toks36
\minrowclearance=\skip68
)
("C:\Program Files (x86)\MiKTeX 2.9\tex\latex\tools\verbatim.sty"
Package: verbatim 2014/10/28 v1.5q LaTeX2e package for verbatim enhancements
\every@verbatim=\toks37
\verbatim@line=\toks38
\verbatim@in@stream=\read3
)
("C:\Program Files (x86)\MiKTeX 2.9\tex\latex\import\import.sty"
Package: import 2009/03/23  v 5.1
)
(finalReport.aux)
LaTeX Font Info:    Checking defaults for OML/cmm/m/it on input line 249.
LaTeX Font Info:    ... okay on input line 249.
LaTeX Font Info:    Checking defaults for T1/cmr/m/n on input line 249.
LaTeX Font Info:    ... okay on input line 249.
LaTeX Font Info:    Checking defaults for OT1/cmr/m/n on input line 249.
LaTeX Font Info:    ... okay on input line 249.
LaTeX Font Info:    Checking defaults for OMS/cmsy/m/n on input line 249.
LaTeX Font Info:    ... okay on input line 249.
LaTeX Font Info:    Checking defaults for OMX/cmex/m/n on input line 249.
LaTeX Font Info:    ... okay on input line 249.
LaTeX Font Info:    Checking defaults for U/cmr/m/n on input line 249.
LaTeX Font Info:    ... okay on input line 249.

-- Lines per column: 61 (exact).
("C:\Program Files (x86)\MiKTeX 2.9\tex\context\base\supp-pdf.mkii"
[Loading MPS to PDF converter (version 2006.09.02).]
\scratchcounter=\count139
\scratchdimen=\dimen201
\scratchbox=\box50
\nofMPsegments=\count140
\nofMParguments=\count141
\everyMPshowfont=\toks39
\MPscratchCnt=\count142
\MPscratchDim=\dimen202
\MPnumerator=\count143
\makeMPintoPDFobject=\count144
\everyMPtoPDFconversion=\toks40
)
Package caption Info: Begin \AtBeginDocument code.
Package caption Info: End \AtBeginDocument code.
 ABD: EveryShipout initializing macros
LaTeX Font Info:    External font `cmex10' loaded for size
(Font)              <9> on input line 331.
LaTeX Font Info:    External font `cmex10' loaded for size
(Font)              <6> on input line 331.
LaTeX Font Info:    External font `cmex10' loaded for size
(Font)              <5> on input line 331.

Underfull \vbox (badness 10000) has occurred while \output is active []

 [1{C:/Users/ambar/AppData/Local/MiKTeX/2.9/pdftex/config/pdftex.map}


] [2]

LaTeX Warning: No positions in optional float specifier.
               Default added (so using `htbp') on input line 468.

LaTeX Font Info:    Try loading font information for OT1+phv on input line 504.

("C:\Program Files (x86)\MiKTeX 2.9\tex\latex\psnfss\ot1phv.fd"
File: ot1phv.fd 2001/06/04 scalable font definitions for OT1/phv.
)
LaTeX Font Info:    Font shape `OT1/phv/m/it' in size <9> not available
(Font)              Font shape `OT1/phv/m/sl' tried instead on input line 504.
LaTeX Font Info:    Try loading font information for OML+phv on input line 504.


("C:\Program Files (x86)\MiKTeX 2.9\tex\latex\psnfss\omlphv.fd"
File: omlphv.fd 
)
LaTeX Font Info:    Font shape `OML/phv/m/n' in size <9> not available
(Font)              Font shape `OML/cmm/m/it' tried instead on input line 504.
 [3]
LaTeX Font Info:    External font `cmex10' loaded for size
(Font)              <8> on input line 541.


LaTeX Warning: No positions in optional float specifier.
               Default added (so using `htbp') on input line 582.


Overfull \hbox (9.0pt too wide) detected at line 594
[][] 
 []

[4] (Z:/GBMWithVariableShrinkage/parameterTuning/5/entireResultsSection.tex
<Z:/GBMWithVariableShrinkage/parameterTuning/5/errorCurveLegend.png, id=30, 183
.5658pt x 135.3858pt>
File: Z:/GBMWithVariableShrinkage/parameterTuning/5/errorCurveLegend.png Graphi
c file (type png)

<use Z:/GBMWithVariableShrinkage/parameterTuning/5/errorCurveLegend.png>
Package pdftex.def Info: Z:/GBMWithVariableShrinkage/parameterTuning/5/errorCur
veLegend.png used on input line 252.
(pdftex.def)             Requested size: 183.56534pt x 135.38547pt.

<Z:/GBMWithVariableShrinkage/parameterTuning/5/runDataSummaryGraphLegend.png, i
d=31, 88.1694pt x 45.2892pt>
File: Z:/GBMWithVariableShrinkage/parameterTuning/5/runDataSummaryGraphLegend.p
ng Graphic file (type png)

<use Z:/GBMWithVariableShrinkage/parameterTuning/5/runDataSummaryGraphLegend.pn
g>
Package pdftex.def Info: Z:/GBMWithVariableShrinkage/parameterTuning/5/runDataS
ummaryGraphLegend.png used on input line 256.
(pdftex.def)             Requested size: 88.16917pt x 45.28908pt.

<Z:/GBMWithVariableShrinkage/parameterTuning/5/avgSummaryGraphs/NoFilter/MinLRv
sTIME/VarUniquePoints.png, id=32, 361.35pt x 241.8636pt>
File: Z:/GBMWithVariableShrinkage/parameterTuning/5/avgSummaryGraphs/NoFilter/M
inLRvsTIME/VarUniquePoints.png Graphic file (type png)

<use Z:/GBMWithVariableShrinkage/parameterTuning/5/avgSummaryGraphs/NoFilter/Mi
nLRvsTIME/VarUniquePoints.png>
Package pdftex.def Info: Z:/GBMWithVariableShrinkage/parameterTuning/5/avgSumma
ryGraphs/NoFilter/MinLRvsTIME/VarUniquePoints.png used on input line 264.
(pdftex.def)             Requested size: 361.34912pt x 241.863pt.

<Z:/GBMWithVariableShrinkage/parameterTuning/5/avgSummaryGraphs/NoFilter/MinLRv
sTIME/VarAllPoints.png, id=33, 361.35pt x 237.5274pt>
File: Z:/GBMWithVariableShrinkage/parameterTuning/5/avgSummaryGraphs/NoFilter/M
inLRvsTIME/VarAllPoints.png Graphic file (type png)

<use Z:/GBMWithVariableShrinkage/parameterTuning/5/avgSummaryGraphs/NoFilter/Mi
nLRvsTIME/VarAllPoints.png>
Package pdftex.def Info: Z:/GBMWithVariableShrinkage/parameterTuning/5/avgSumma
ryGraphs/NoFilter/MinLRvsTIME/VarAllPoints.png used on input line 267.
(pdftex.def)             Requested size: 361.34912pt x 237.52681pt.

<Z:/GBMWithVariableShrinkage/parameterTuning/5/avgSummaryGraphs/NoFilter/MaxLRv
sTIME/VarUniquePoints.png, id=34, 361.35pt x 242.8272pt>
File: Z:/GBMWithVariableShrinkage/parameterTuning/5/avgSummaryGraphs/NoFilter/M
axLRvsTIME/VarUniquePoints.png Graphic file (type png)

<use Z:/GBMWithVariableShrinkage/parameterTuning/5/avgSummaryGraphs/NoFilter/Ma
xLRvsTIME/VarUniquePoints.png>
Package pdftex.def Info: Z:/GBMWithVariableShrinkage/parameterTuning/5/avgSumma
ryGraphs/NoFilter/MaxLRvsTIME/VarUniquePoints.png used on input line 270.
(pdftex.def)             Requested size: 361.34912pt x 242.8266pt.

<Z:/GBMWithVariableShrinkage/parameterTuning/5/avgSummaryGraphs/NoFilter/MaxLRv
sTIME/VarAllPoints.png, id=35, 361.35pt x 238.7319pt>
File: Z:/GBMWithVariableShrinkage/parameterTuning/5/avgSummaryGraphs/NoFilter/M
axLRvsTIME/VarAllPoints.png Graphic file (type png)

<use Z:/GBMWithVariableShrinkage/parameterTuning/5/avgSummaryGraphs/NoFilter/Ma
xLRvsTIME/VarAllPoints.png>
Package pdftex.def Info: Z:/GBMWithVariableShrinkage/parameterTuning/5/avgSumma
ryGraphs/NoFilter/MaxLRvsTIME/VarAllPoints.png used on input line 273.
(pdftex.def)             Requested size: 361.34912pt x 238.73131pt.

<Z:/GBMWithVariableShrinkage/parameterTuning/5/avgSummaryGraphs/NoFilter/MaxSpl
itsvsTIME/AllUniquePoints.png, id=36, 361.35pt x 238.7319pt>
File: Z:/GBMWithVariableShrinkage/parameterTuning/5/avgSummaryGraphs/NoFilter/M
axSplitsvsTIME/AllUniquePoints.png Graphic file (type png)

<use Z:/GBMWithVariableShrinkage/parameterTuning/5/avgSummaryGraphs/NoFilter/Ma
xSplitsvsTIME/AllUniquePoints.png>
Package pdftex.def Info: Z:/GBMWithVariableShrinkage/parameterTuning/5/avgSumma
ryGraphs/NoFilter/MaxSplitsvsTIME/AllUniquePoints.png used on input line 276.
(pdftex.def)             Requested size: 361.34912pt x 238.73131pt.

<Z:/GBMWithVariableShrinkage/parameterTuning/5/avgSummaryGraphs/NoFilter/MaxSpl
itsvsTIME/AllAllPoints.png, id=37, 361.35pt x 238.7319pt>
File: Z:/GBMWithVariableShrinkage/parameterTuning/5/avgSummaryGraphs/NoFilter/M
axSplitsvsTIME/AllAllPoints.png Graphic file (type png)

<use Z:/GBMWithVariableShrinkage/parameterTuning/5/avgSummaryGraphs/NoFilter/Ma
xSplitsvsTIME/AllAllPoints.png>
Package pdftex.def Info: Z:/GBMWithVariableShrinkage/parameterTuning/5/avgSumma
ryGraphs/NoFilter/MaxSplitsvsTIME/AllAllPoints.png used on input line 279.
(pdftex.def)             Requested size: 361.34912pt x 238.73131pt.

<Z:/GBMWithVariableShrinkage/parameterTuning/5/avgSummaryGraphs/NoFilter/BFvsTI
ME/AllUniquePoints.png, id=38, 361.35pt x 238.7319pt>
File: Z:/GBMWithVariableShrinkage/parameterTuning/5/avgSummaryGraphs/NoFilter/B
FvsTIME/AllUniquePoints.png Graphic file (type png)

<use Z:/GBMWithVariableShrinkage/parameterTuning/5/avgSummaryGraphs/NoFilter/BF
vsTIME/AllUniquePoints.png>
Package pdftex.def Info: Z:/GBMWithVariableShrinkage/parameterTuning/5/avgSumma
ryGraphs/NoFilter/BFvsTIME/AllUniquePoints.png used on input line 282.
(pdftex.def)             Requested size: 361.34912pt x 238.73131pt.

<Z:/GBMWithVariableShrinkage/parameterTuning/5/avgSummaryGraphs/NoFilter/BFvsTI
ME/AllAllPoints.png, id=39, 361.35pt x 238.7319pt>
File: Z:/GBMWithVariableShrinkage/parameterTuning/5/avgSummaryGraphs/NoFilter/B
FvsTIME/AllAllPoints.png Graphic file (type png)

<use Z:/GBMWithVariableShrinkage/parameterTuning/5/avgSummaryGraphs/NoFilter/BF
vsTIME/AllAllPoints.png>
Package pdftex.def Info: Z:/GBMWithVariableShrinkage/parameterTuning/5/avgSumma
ryGraphs/NoFilter/BFvsTIME/AllAllPoints.png used on input line 285.
(pdftex.def)             Requested size: 361.34912pt x 238.73131pt.

<Z:/GBMWithVariableShrinkage/parameterTuning/5/avgSummaryGraphs/NoFilter/MEINvs
TIME/AllUniquePoints.png, id=40, 361.35pt x 238.7319pt>
File: Z:/GBMWithVariableShrinkage/parameterTuning/5/avgSummaryGraphs/NoFilter/M
EINvsTIME/AllUniquePoints.png Graphic file (type png)

<use Z:/GBMWithVariableShrinkage/parameterTuning/5/avgSummaryGraphs/NoFilter/ME
INvsTIME/AllUniquePoints.png>
Package pdftex.def Info: Z:/GBMWithVariableShrinkage/parameterTuning/5/avgSumma
ryGraphs/NoFilter/MEINvsTIME/AllUniquePoints.png used on input line 288.
(pdftex.def)             Requested size: 361.34912pt x 238.73131pt.

<Z:/GBMWithVariableShrinkage/parameterTuning/5/avgSummaryGraphs/NoFilter/MEINvs
TIME/AllAllPoints.png, id=41, 361.35pt x 238.7319pt>
File: Z:/GBMWithVariableShrinkage/parameterTuning/5/avgSummaryGraphs/NoFilter/M
EINvsTIME/AllAllPoints.png Graphic file (type png)

<use Z:/GBMWithVariableShrinkage/parameterTuning/5/avgSummaryGraphs/NoFilter/ME
INvsTIME/AllAllPoints.png>
Package pdftex.def Info: Z:/GBMWithVariableShrinkage/parameterTuning/5/avgSumma
ryGraphs/NoFilter/MEINvsTIME/AllAllPoints.png used on input line 291.
(pdftex.def)             Requested size: 361.34912pt x 238.73131pt.

<Z:/GBMWithVariableShrinkage/parameterTuning/5/avgSummaryGraphs/NoFilter/MinLRv
sADTE/VarUniquePoints.png, id=42, 361.35pt x 235.3593pt>
File: Z:/GBMWithVariableShrinkage/parameterTuning/5/avgSummaryGraphs/NoFilter/M
inLRvsADTE/VarUniquePoints.png Graphic file (type png)

<use Z:/GBMWithVariableShrinkage/parameterTuning/5/avgSummaryGraphs/NoFilter/Mi
nLRvsADTE/VarUniquePoints.png>
Package pdftex.def Info: Z:/GBMWithVariableShrinkage/parameterTuning/5/avgSumma
ryGraphs/NoFilter/MinLRvsADTE/VarUniquePoints.png used on input line 299.
(pdftex.def)             Requested size: 361.34912pt x 235.3587pt.

<Z:/GBMWithVariableShrinkage/parameterTuning/5/avgSummaryGraphs/NoFilter/MinLRv
sADTE/VarAllPoints.png, id=43, 361.35pt x 241.8636pt>
File: Z:/GBMWithVariableShrinkage/parameterTuning/5/avgSummaryGraphs/NoFilter/M
inLRvsADTE/VarAllPoints.png Graphic file (type png)

<use Z:/GBMWithVariableShrinkage/parameterTuning/5/avgSummaryGraphs/NoFilter/Mi
nLRvsADTE/VarAllPoints.png>
Package pdftex.def Info: Z:/GBMWithVariableShrinkage/parameterTuning/5/avgSumma
ryGraphs/NoFilter/MinLRvsADTE/VarAllPoints.png used on input line 302.
(pdftex.def)             Requested size: 361.34912pt x 241.863pt.

<Z:/GBMWithVariableShrinkage/parameterTuning/5/avgSummaryGraphs/NoFilter/MaxLRv
sADTE/VarUniquePoints.png, id=44, 361.35pt x 244.0317pt>
File: Z:/GBMWithVariableShrinkage/parameterTuning/5/avgSummaryGraphs/NoFilter/M
axLRvsADTE/VarUniquePoints.png Graphic file (type png)

<use Z:/GBMWithVariableShrinkage/parameterTuning/5/avgSummaryGraphs/NoFilter/Ma
xLRvsADTE/VarUniquePoints.png>
Package pdftex.def Info: Z:/GBMWithVariableShrinkage/parameterTuning/5/avgSumma
ryGraphs/NoFilter/MaxLRvsADTE/VarUniquePoints.png used on input line 305.
(pdftex.def)             Requested size: 361.34912pt x 244.0311pt.

<Z:/GBMWithVariableShrinkage/parameterTuning/5/avgSummaryGraphs/NoFilter/MaxLRv
sADTE/VarAllPoints.png, id=45, 361.35pt x 242.8272pt>
File: Z:/GBMWithVariableShrinkage/parameterTuning/5/avgSummaryGraphs/NoFilter/M
axLRvsADTE/VarAllPoints.png Graphic file (type png)

<use Z:/GBMWithVariableShrinkage/parameterTuning/5/avgSummaryGraphs/NoFilter/Ma
xLRvsADTE/VarAllPoints.png>
Package pdftex.def Info: Z:/GBMWithVariableShrinkage/parameterTuning/5/avgSumma
ryGraphs/NoFilter/MaxLRvsADTE/VarAllPoints.png used on input line 308.
(pdftex.def)             Requested size: 361.34912pt x 242.8266pt.

<Z:/GBMWithVariableShrinkage/parameterTuning/5/avgSummaryGraphs/NoFilter/MaxSpl
itsvsADTE/AllUniquePoints.png, id=46, 361.35pt x 243.0681pt>
File: Z:/GBMWithVariableShrinkage/parameterTuning/5/avgSummaryGraphs/NoFilter/M
axSplitsvsADTE/AllUniquePoints.png Graphic file (type png)

<use Z:/GBMWithVariableShrinkage/parameterTuning/5/avgSummaryGraphs/NoFilter/Ma
xSplitsvsADTE/AllUniquePoints.png>
Package pdftex.def Info: Z:/GBMWithVariableShrinkage/parameterTuning/5/avgSumma
ryGraphs/NoFilter/MaxSplitsvsADTE/AllUniquePoints.png used on input line 311.
(pdftex.def)             Requested size: 361.34912pt x 243.0675pt.

<Z:/GBMWithVariableShrinkage/parameterTuning/5/avgSummaryGraphs/NoFilter/MaxSpl
itsvsADTE/AllAllPoints.png, id=47, 361.35pt x 243.0681pt>
File: Z:/GBMWithVariableShrinkage/parameterTuning/5/avgSummaryGraphs/NoFilter/M
axSplitsvsADTE/AllAllPoints.png Graphic file (type png)

<use Z:/GBMWithVariableShrinkage/parameterTuning/5/avgSummaryGraphs/NoFilter/Ma
xSplitsvsADTE/AllAllPoints.png>
Package pdftex.def Info: Z:/GBMWithVariableShrinkage/parameterTuning/5/avgSumma
ryGraphs/NoFilter/MaxSplitsvsADTE/AllAllPoints.png used on input line 314.
(pdftex.def)             Requested size: 361.34912pt x 243.0675pt.

<Z:/GBMWithVariableShrinkage/parameterTuning/5/avgSummaryGraphs/NoFilter/BFvsAD
TE/AllUniquePoints.png, id=48, 361.35pt x 243.0681pt>
File: Z:/GBMWithVariableShrinkage/parameterTuning/5/avgSummaryGraphs/NoFilter/B
FvsADTE/AllUniquePoints.png Graphic file (type png)

<use Z:/GBMWithVariableShrinkage/parameterTuning/5/avgSummaryGraphs/NoFilter/BF
vsADTE/AllUniquePoints.png>
Package pdftex.def Info: Z:/GBMWithVariableShrinkage/parameterTuning/5/avgSumma
ryGraphs/NoFilter/BFvsADTE/AllUniquePoints.png used on input line 317.
(pdftex.def)             Requested size: 361.34912pt x 243.0675pt.

<Z:/GBMWithVariableShrinkage/parameterTuning/5/avgSummaryGraphs/NoFilter/BFvsAD
TE/AllAllPoints.png, id=49, 361.35pt x 243.0681pt>
File: Z:/GBMWithVariableShrinkage/parameterTuning/5/avgSummaryGraphs/NoFilter/B
FvsADTE/AllAllPoints.png Graphic file (type png)

<use Z:/GBMWithVariableShrinkage/parameterTuning/5/avgSummaryGraphs/NoFilter/BF
vsADTE/AllAllPoints.png>
Package pdftex.def Info: Z:/GBMWithVariableShrinkage/parameterTuning/5/avgSumma
ryGraphs/NoFilter/BFvsADTE/AllAllPoints.png used on input line 320.
(pdftex.def)             Requested size: 361.34912pt x 243.0675pt.

<Z:/GBMWithVariableShrinkage/parameterTuning/5/avgSummaryGraphs/NoFilter/MEINvs
ADTE/AllUniquePoints.png, id=50, 361.35pt x 243.0681pt>
File: Z:/GBMWithVariableShrinkage/parameterTuning/5/avgSummaryGraphs/NoFilter/M
EINvsADTE/AllUniquePoints.png Graphic file (type png)

<use Z:/GBMWithVariableShrinkage/parameterTuning/5/avgSummaryGraphs/NoFilter/ME
INvsADTE/AllUniquePoints.png>
Package pdftex.def Info: Z:/GBMWithVariableShrinkage/parameterTuning/5/avgSumma
ryGraphs/NoFilter/MEINvsADTE/AllUniquePoints.png used on input line 323.
(pdftex.def)             Requested size: 361.34912pt x 243.0675pt.

<Z:/GBMWithVariableShrinkage/parameterTuning/5/avgSummaryGraphs/NoFilter/MEINvs
ADTE/AllAllPoints.png, id=51, 361.35pt x 243.0681pt>
File: Z:/GBMWithVariableShrinkage/parameterTuning/5/avgSummaryGraphs/NoFilter/M
EINvsADTE/AllAllPoints.png Graphic file (type png)

<use Z:/GBMWithVariableShrinkage/parameterTuning/5/avgSummaryGraphs/NoFilter/ME
INvsADTE/AllAllPoints.png>
Package pdftex.def Info: Z:/GBMWithVariableShrinkage/parameterTuning/5/avgSumma
ryGraphs/NoFilter/MEINvsADTE/AllAllPoints.png used on input line 326.
(pdftex.def)             Requested size: 361.34912pt x 243.0675pt.

<Z:/GBMWithVariableShrinkage/parameterTuning/5/avgSummaryGraphs/NoFilter/MinLRv
sCvEnsTestError/VarUniquePoints.png, id=52, 361.35pt x 240.6591pt>
File: Z:/GBMWithVariableShrinkage/parameterTuning/5/avgSummaryGraphs/NoFilter/M
inLRvsCvEnsTestError/VarUniquePoints.png Graphic file (type png)

<use Z:/GBMWithVariableShrinkage/parameterTuning/5/avgSummaryGraphs/NoFilter/Mi
nLRvsCvEnsTestError/VarUniquePoints.png>
Package pdftex.def Info: Z:/GBMWithVariableShrinkage/parameterTuning/5/avgSumma
ryGraphs/NoFilter/MinLRvsCvEnsTestError/VarUniquePoints.png used on input line 
334.
(pdftex.def)             Requested size: 361.34912pt x 240.65851pt.

<Z:/GBMWithVariableShrinkage/parameterTuning/5/avgSummaryGraphs/NoFilter/MinLRv
sCvEnsTestError/VarAllPoints.png, id=53, 361.35pt x 242.1045pt>
File: Z:/GBMWithVariableShrinkage/parameterTuning/5/avgSummaryGraphs/NoFilter/M
inLRvsCvEnsTestError/VarAllPoints.png Graphic file (type png)

<use Z:/GBMWithVariableShrinkage/parameterTuning/5/avgSummaryGraphs/NoFilter/Mi
nLRvsCvEnsTestError/VarAllPoints.png>
Package pdftex.def Info: Z:/GBMWithVariableShrinkage/parameterTuning/5/avgSumma
ryGraphs/NoFilter/MinLRvsCvEnsTestError/VarAllPoints.png used on input line 337
.
(pdftex.def)             Requested size: 361.34912pt x 242.10391pt.

<Z:/GBMWithVariableShrinkage/parameterTuning/5/avgSummaryGraphs/NoFilter/MaxLRv
sCvEnsTestError/VarUniquePoints.png, id=54, 361.35pt x 236.5638pt>
File: Z:/GBMWithVariableShrinkage/parameterTuning/5/avgSummaryGraphs/NoFilter/M
axLRvsCvEnsTestError/VarUniquePoints.png Graphic file (type png)

<use Z:/GBMWithVariableShrinkage/parameterTuning/5/avgSummaryGraphs/NoFilter/Ma
xLRvsCvEnsTestError/VarUniquePoints.png>
Package pdftex.def Info: Z:/GBMWithVariableShrinkage/parameterTuning/5/avgSumma
ryGraphs/NoFilter/MaxLRvsCvEnsTestError/VarUniquePoints.png used on input line 
340.
(pdftex.def)             Requested size: 361.34912pt x 236.5632pt.

<Z:/GBMWithVariableShrinkage/parameterTuning/5/avgSummaryGraphs/NoFilter/MaxLRv
sCvEnsTestError/VarAllPoints.png, id=55, 361.35pt x 243.309pt>
File: Z:/GBMWithVariableShrinkage/parameterTuning/5/avgSummaryGraphs/NoFilter/M
axLRvsCvEnsTestError/VarAllPoints.png Graphic file (type png)

<use Z:/GBMWithVariableShrinkage/parameterTuning/5/avgSummaryGraphs/NoFilter/Ma
xLRvsCvEnsTestError/VarAllPoints.png>
Package pdftex.def Info: Z:/GBMWithVariableShrinkage/parameterTuning/5/avgSumma
ryGraphs/NoFilter/MaxLRvsCvEnsTestError/VarAllPoints.png used on input line 343
.
(pdftex.def)             Requested size: 361.34912pt x 243.30841pt.

<Z:/GBMWithVariableShrinkage/parameterTuning/5/avgSummaryGraphs/NoFilter/MaxSpl
itsvsCvEnsTestError/AllUniquePoints.png, id=56, 361.35pt x 243.0681pt>
File: Z:/GBMWithVariableShrinkage/parameterTuning/5/avgSummaryGraphs/NoFilter/M
axSplitsvsCvEnsTestError/AllUniquePoints.png Graphic file (type png)

<use Z:/GBMWithVariableShrinkage/parameterTuning/5/avgSummaryGraphs/NoFilter/Ma
xSplitsvsCvEnsTestError/AllUniquePoints.png>
Package pdftex.def Info: Z:/GBMWithVariableShrinkage/parameterTuning/5/avgSumma
ryGraphs/NoFilter/MaxSplitsvsCvEnsTestError/AllUniquePoints.png used on input l
ine 346.
(pdftex.def)             Requested size: 361.34912pt x 243.0675pt.

<Z:/GBMWithVariableShrinkage/parameterTuning/5/avgSummaryGraphs/NoFilter/MaxSpl
itsvsCvEnsTestError/AllAllPoints.png, id=57, 361.35pt x 243.0681pt>
File: Z:/GBMWithVariableShrinkage/parameterTuning/5/avgSummaryGraphs/NoFilter/M
axSplitsvsCvEnsTestError/AllAllPoints.png Graphic file (type png)

<use Z:/GBMWithVariableShrinkage/parameterTuning/5/avgSummaryGraphs/NoFilter/Ma
xSplitsvsCvEnsTestError/AllAllPoints.png>
Package pdftex.def Info: Z:/GBMWithVariableShrinkage/parameterTuning/5/avgSumma
ryGraphs/NoFilter/MaxSplitsvsCvEnsTestError/AllAllPoints.png used on input line
 349.
(pdftex.def)             Requested size: 361.34912pt x 243.0675pt.

<Z:/GBMWithVariableShrinkage/parameterTuning/5/avgSummaryGraphs/NoFilter/BFvsCv
EnsTestError/AllUniquePoints.png, id=58, 361.35pt x 243.0681pt>
File: Z:/GBMWithVariableShrinkage/parameterTuning/5/avgSummaryGraphs/NoFilter/B
FvsCvEnsTestError/AllUniquePoints.png Graphic file (type png)

<use Z:/GBMWithVariableShrinkage/parameterTuning/5/avgSummaryGraphs/NoFilter/BF
vsCvEnsTestError/AllUniquePoints.png>
Package pdftex.def Info: Z:/GBMWithVariableShrinkage/parameterTuning/5/avgSumma
ryGraphs/NoFilter/BFvsCvEnsTestError/AllUniquePoints.png used on input line 352
.
(pdftex.def)             Requested size: 361.34912pt x 243.0675pt.

<Z:/GBMWithVariableShrinkage/parameterTuning/5/avgSummaryGraphs/NoFilter/BFvsCv
EnsTestError/AllAllPoints.png, id=59, 361.35pt x 243.0681pt>
File: Z:/GBMWithVariableShrinkage/parameterTuning/5/avgSummaryGraphs/NoFilter/B
FvsCvEnsTestError/AllAllPoints.png Graphic file (type png)

<use Z:/GBMWithVariableShrinkage/parameterTuning/5/avgSummaryGraphs/NoFilter/BF
vsCvEnsTestError/AllAllPoints.png>
Package pdftex.def Info: Z:/GBMWithVariableShrinkage/parameterTuning/5/avgSumma
ryGraphs/NoFilter/BFvsCvEnsTestError/AllAllPoints.png used on input line 355.
(pdftex.def)             Requested size: 361.34912pt x 243.0675pt.

<Z:/GBMWithVariableShrinkage/parameterTuning/5/avgSummaryGraphs/NoFilter/MEINvs
CvEnsTestError/AllUniquePoints.png, id=60, 361.35pt x 243.0681pt>
File: Z:/GBMWithVariableShrinkage/parameterTuning/5/avgSummaryGraphs/NoFilter/M
EINvsCvEnsTestError/AllUniquePoints.png Graphic file (type png)

<use Z:/GBMWithVariableShrinkage/parameterTuning/5/avgSummaryGraphs/NoFilter/ME
INvsCvEnsTestError/AllUniquePoints.png>
Package pdftex.def Info: Z:/GBMWithVariableShrinkage/parameterTuning/5/avgSumma
ryGraphs/NoFilter/MEINvsCvEnsTestError/AllUniquePoints.png used on input line 3
58.
(pdftex.def)             Requested size: 361.34912pt x 243.0675pt.

<Z:/GBMWithVariableShrinkage/parameterTuning/5/avgSummaryGraphs/NoFilter/MEINvs
CvEnsTestError/AllAllPoints.png, id=61, 361.35pt x 243.0681pt>
File: Z:/GBMWithVariableShrinkage/parameterTuning/5/avgSummaryGraphs/NoFilter/M
EINvsCvEnsTestError/AllAllPoints.png Graphic file (type png)

<use Z:/GBMWithVariableShrinkage/parameterTuning/5/avgSummaryGraphs/NoFilter/ME
INvsCvEnsTestError/AllAllPoints.png>
Package pdftex.def Info: Z:/GBMWithVariableShrinkage/parameterTuning/5/avgSumma
ryGraphs/NoFilter/MEINvsCvEnsTestError/AllAllPoints.png used on input line 361.

(pdftex.def)             Requested size: 361.34912pt x 243.0675pt.

<Z:/GBMWithVariableShrinkage/parameterTuning/5/avgSummaryGraphs/NoFilter/MinLRv
sCvValidError/VarUniquePoints.png, id=62, 361.35pt x 235.3593pt>
File: Z:/GBMWithVariableShrinkage/parameterTuning/5/avgSummaryGraphs/NoFilter/M
inLRvsCvValidError/VarUniquePoints.png Graphic file (type png)

<use Z:/GBMWithVariableShrinkage/parameterTuning/5/avgSummaryGraphs/NoFilter/Mi
nLRvsCvValidError/VarUniquePoints.png>
Package pdftex.def Info: Z:/GBMWithVariableShrinkage/parameterTuning/5/avgSumma
ryGraphs/NoFilter/MinLRvsCvValidError/VarUniquePoints.png used on input line 36
9.
(pdftex.def)             Requested size: 361.34912pt x 235.3587pt.

<Z:/GBMWithVariableShrinkage/parameterTuning/5/avgSummaryGraphs/NoFilter/MinLRv
sCvValidError/VarAllPoints.png, id=63, 361.35pt x 241.8636pt>
File: Z:/GBMWithVariableShrinkage/parameterTuning/5/avgSummaryGraphs/NoFilter/M
inLRvsCvValidError/VarAllPoints.png Graphic file (type png)

<use Z:/GBMWithVariableShrinkage/parameterTuning/5/avgSummaryGraphs/NoFilter/Mi
nLRvsCvValidError/VarAllPoints.png>
Package pdftex.def Info: Z:/GBMWithVariableShrinkage/parameterTuning/5/avgSumma
ryGraphs/NoFilter/MinLRvsCvValidError/VarAllPoints.png used on input line 372.
(pdftex.def)             Requested size: 361.34912pt x 241.863pt.

<Z:/GBMWithVariableShrinkage/parameterTuning/5/avgSummaryGraphs/NoFilter/MaxLRv
sCvValidError/VarUniquePoints.png, id=64, 361.35pt x 236.5638pt>
File: Z:/GBMWithVariableShrinkage/parameterTuning/5/avgSummaryGraphs/NoFilter/M
axLRvsCvValidError/VarUniquePoints.png Graphic file (type png)

<use Z:/GBMWithVariableShrinkage/parameterTuning/5/avgSummaryGraphs/NoFilter/Ma
xLRvsCvValidError/VarUniquePoints.png>
Package pdftex.def Info: Z:/GBMWithVariableShrinkage/parameterTuning/5/avgSumma
ryGraphs/NoFilter/MaxLRvsCvValidError/VarUniquePoints.png used on input line 37
5.
(pdftex.def)             Requested size: 361.34912pt x 236.5632pt.

<Z:/GBMWithVariableShrinkage/parameterTuning/5/avgSummaryGraphs/NoFilter/MaxLRv
sCvValidError/VarAllPoints.png, id=65, 361.35pt x 242.8272pt>
File: Z:/GBMWithVariableShrinkage/parameterTuning/5/avgSummaryGraphs/NoFilter/M
axLRvsCvValidError/VarAllPoints.png Graphic file (type png)

<use Z:/GBMWithVariableShrinkage/parameterTuning/5/avgSummaryGraphs/NoFilter/Ma
xLRvsCvValidError/VarAllPoints.png>
Package pdftex.def Info: Z:/GBMWithVariableShrinkage/parameterTuning/5/avgSumma
ryGraphs/NoFilter/MaxLRvsCvValidError/VarAllPoints.png used on input line 378.
(pdftex.def)             Requested size: 361.34912pt x 242.8266pt.

<Z:/GBMWithVariableShrinkage/parameterTuning/5/avgSummaryGraphs/NoFilter/MaxSpl
itsvsCvValidError/AllUniquePoints.png, id=66, 361.35pt x 249.3315pt>
File: Z:/GBMWithVariableShrinkage/parameterTuning/5/avgSummaryGraphs/NoFilter/M
axSplitsvsCvValidError/AllUniquePoints.png Graphic file (type png)

<use Z:/GBMWithVariableShrinkage/parameterTuning/5/avgSummaryGraphs/NoFilter/Ma
xSplitsvsCvValidError/AllUniquePoints.png>
Package pdftex.def Info: Z:/GBMWithVariableShrinkage/parameterTuning/5/avgSumma
ryGraphs/NoFilter/MaxSplitsvsCvValidError/AllUniquePoints.png used on input lin
e 381.
(pdftex.def)             Requested size: 361.34912pt x 249.33087pt.

<Z:/GBMWithVariableShrinkage/parameterTuning/5/avgSummaryGraphs/NoFilter/MaxSpl
itsvsCvValidError/AllAllPoints.png, id=67, 361.35pt x 249.3315pt>
File: Z:/GBMWithVariableShrinkage/parameterTuning/5/avgSummaryGraphs/NoFilter/M
axSplitsvsCvValidError/AllAllPoints.png Graphic file (type png)

<use Z:/GBMWithVariableShrinkage/parameterTuning/5/avgSummaryGraphs/NoFilter/Ma
xSplitsvsCvValidError/AllAllPoints.png>
Package pdftex.def Info: Z:/GBMWithVariableShrinkage/parameterTuning/5/avgSumma
ryGraphs/NoFilter/MaxSplitsvsCvValidError/AllAllPoints.png used on input line 3
84.
(pdftex.def)             Requested size: 361.34912pt x 249.33087pt.

<Z:/GBMWithVariableShrinkage/parameterTuning/5/avgSummaryGraphs/NoFilter/BFvsCv
ValidError/AllUniquePoints.png, id=68, 361.35pt x 249.3315pt>
File: Z:/GBMWithVariableShrinkage/parameterTuning/5/avgSummaryGraphs/NoFilter/B
FvsCvValidError/AllUniquePoints.png Graphic file (type png)

<use Z:/GBMWithVariableShrinkage/parameterTuning/5/avgSummaryGraphs/NoFilter/BF
vsCvValidError/AllUniquePoints.png>
Package pdftex.def Info: Z:/GBMWithVariableShrinkage/parameterTuning/5/avgSumma
ryGraphs/NoFilter/BFvsCvValidError/AllUniquePoints.png used on input line 387.
(pdftex.def)             Requested size: 361.34912pt x 249.33087pt.

<Z:/GBMWithVariableShrinkage/parameterTuning/5/avgSummaryGraphs/NoFilter/BFvsCv
ValidError/AllAllPoints.png, id=69, 361.35pt x 249.3315pt>
File: Z:/GBMWithVariableShrinkage/parameterTuning/5/avgSummaryGraphs/NoFilter/B
FvsCvValidError/AllAllPoints.png Graphic file (type png)

<use Z:/GBMWithVariableShrinkage/parameterTuning/5/avgSummaryGraphs/NoFilter/BF
vsCvValidError/AllAllPoints.png>
Package pdftex.def Info: Z:/GBMWithVariableShrinkage/parameterTuning/5/avgSumma
ryGraphs/NoFilter/BFvsCvValidError/AllAllPoints.png used on input line 390.
(pdftex.def)             Requested size: 361.34912pt x 249.33087pt.

<Z:/GBMWithVariableShrinkage/parameterTuning/5/avgSummaryGraphs/NoFilter/MEINvs
CvValidError/AllUniquePoints.png, id=70, 361.35pt x 249.3315pt>
File: Z:/GBMWithVariableShrinkage/parameterTuning/5/avgSummaryGraphs/NoFilter/M
EINvsCvValidError/AllUniquePoints.png Graphic file (type png)

<use Z:/GBMWithVariableShrinkage/parameterTuning/5/avgSummaryGraphs/NoFilter/ME
INvsCvValidError/AllUniquePoints.png>
Package pdftex.def Info: Z:/GBMWithVariableShrinkage/parameterTuning/5/avgSumma
ryGraphs/NoFilter/MEINvsCvValidError/AllUniquePoints.png used on input line 393
.
(pdftex.def)             Requested size: 361.34912pt x 249.33087pt.

<Z:/GBMWithVariableShrinkage/parameterTuning/5/avgSummaryGraphs/NoFilter/MEINvs
CvValidError/AllAllPoints.png, id=71, 361.35pt x 249.3315pt>
File: Z:/GBMWithVariableShrinkage/parameterTuning/5/avgSummaryGraphs/NoFilter/M
EINvsCvValidError/AllAllPoints.png Graphic file (type png)

<use Z:/GBMWithVariableShrinkage/parameterTuning/5/avgSummaryGraphs/NoFilter/ME
INvsCvValidError/AllAllPoints.png>
Package pdftex.def Info: Z:/GBMWithVariableShrinkage/parameterTuning/5/avgSumma
ryGraphs/NoFilter/MEINvsCvValidError/AllAllPoints.png used on input line 396.
(pdftex.def)             Requested size: 361.34912pt x 249.33087pt.

<Z:/GBMWithVariableShrinkage/parameterTuning/5/avgSummaryGraphs/NoFilter/MinLRv
sOptNOT/VarUniquePoints.png, id=72, 361.35pt x 232.2276pt>
File: Z:/GBMWithVariableShrinkage/parameterTuning/5/avgSummaryGraphs/NoFilter/M
inLRvsOptNOT/VarUniquePoints.png Graphic file (type png)

<use Z:/GBMWithVariableShrinkage/parameterTuning/5/avgSummaryGraphs/NoFilter/Mi
nLRvsOptNOT/VarUniquePoints.png>
Package pdftex.def Info: Z:/GBMWithVariableShrinkage/parameterTuning/5/avgSumma
ryGraphs/NoFilter/MinLRvsOptNOT/VarUniquePoints.png used on input line 404.
(pdftex.def)             Requested size: 361.34912pt x 232.22702pt.

<Z:/GBMWithVariableShrinkage/parameterTuning/5/avgSummaryGraphs/NoFilter/MinLRv
sOptNOT/VarAllPoints.png, id=73, 361.35pt x 238.491pt>
File: Z:/GBMWithVariableShrinkage/parameterTuning/5/avgSummaryGraphs/NoFilter/M
inLRvsOptNOT/VarAllPoints.png Graphic file (type png)

<use Z:/GBMWithVariableShrinkage/parameterTuning/5/avgSummaryGraphs/NoFilter/Mi
nLRvsOptNOT/VarAllPoints.png>
Package pdftex.def Info: Z:/GBMWithVariableShrinkage/parameterTuning/5/avgSumma
ryGraphs/NoFilter/MinLRvsOptNOT/VarAllPoints.png used on input line 407.
(pdftex.def)             Requested size: 361.34912pt x 238.4904pt.

<Z:/GBMWithVariableShrinkage/parameterTuning/5/avgSummaryGraphs/NoFilter/MaxLRv
sOptNOT/VarUniquePoints.png, id=74, 361.35pt x 233.673pt>
File: Z:/GBMWithVariableShrinkage/parameterTuning/5/avgSummaryGraphs/NoFilter/M
axLRvsOptNOT/VarUniquePoints.png Graphic file (type png)

<use Z:/GBMWithVariableShrinkage/parameterTuning/5/avgSummaryGraphs/NoFilter/Ma
xLRvsOptNOT/VarUniquePoints.png>
Package pdftex.def Info: Z:/GBMWithVariableShrinkage/parameterTuning/5/avgSumma
ryGraphs/NoFilter/MaxLRvsOptNOT/VarUniquePoints.png used on input line 410.
(pdftex.def)             Requested size: 361.34912pt x 233.67242pt.

<Z:/GBMWithVariableShrinkage/parameterTuning/5/avgSummaryGraphs/NoFilter/MaxLRv
sOptNOT/VarAllPoints.png, id=75, 361.35pt x 239.9364pt>
File: Z:/GBMWithVariableShrinkage/parameterTuning/5/avgSummaryGraphs/NoFilter/M
axLRvsOptNOT/VarAllPoints.png Graphic file (type png)

<use Z:/GBMWithVariableShrinkage/parameterTuning/5/avgSummaryGraphs/NoFilter/Ma
xLRvsOptNOT/VarAllPoints.png>
Package pdftex.def Info: Z:/GBMWithVariableShrinkage/parameterTuning/5/avgSumma
ryGraphs/NoFilter/MaxLRvsOptNOT/VarAllPoints.png used on input line 413.
(pdftex.def)             Requested size: 361.34912pt x 239.9358pt.

<Z:/GBMWithVariableShrinkage/parameterTuning/5/avgSummaryGraphs/NoFilter/MaxSpl
itsvsOptNOT/AllUniquePoints.png, id=76, 361.35pt x 229.0959pt>
File: Z:/GBMWithVariableShrinkage/parameterTuning/5/avgSummaryGraphs/NoFilter/M
axSplitsvsOptNOT/AllUniquePoints.png Graphic file (type png)

<use Z:/GBMWithVariableShrinkage/parameterTuning/5/avgSummaryGraphs/NoFilter/Ma
xSplitsvsOptNOT/AllUniquePoints.png>
Package pdftex.def Info: Z:/GBMWithVariableShrinkage/parameterTuning/5/avgSumma
ryGraphs/NoFilter/MaxSplitsvsOptNOT/AllUniquePoints.png used on input line 416.

(pdftex.def)             Requested size: 361.34912pt x 229.09534pt.

<Z:/GBMWithVariableShrinkage/parameterTuning/5/avgSummaryGraphs/NoFilter/MaxSpl
itsvsOptNOT/AllAllPoints.png, id=77, 361.35pt x 229.0959pt>
File: Z:/GBMWithVariableShrinkage/parameterTuning/5/avgSummaryGraphs/NoFilter/M
axSplitsvsOptNOT/AllAllPoints.png Graphic file (type png)

<use Z:/GBMWithVariableShrinkage/parameterTuning/5/avgSummaryGraphs/NoFilter/Ma
xSplitsvsOptNOT/AllAllPoints.png>
Package pdftex.def Info: Z:/GBMWithVariableShrinkage/parameterTuning/5/avgSumma
ryGraphs/NoFilter/MaxSplitsvsOptNOT/AllAllPoints.png used on input line 419.
(pdftex.def)             Requested size: 361.34912pt x 229.09534pt.

<Z:/GBMWithVariableShrinkage/parameterTuning/5/avgSummaryGraphs/NoFilter/BFvsOp
tNOT/AllUniquePoints.png, id=78, 361.35pt x 229.5777pt>
File: Z:/GBMWithVariableShrinkage/parameterTuning/5/avgSummaryGraphs/NoFilter/B
FvsOptNOT/AllUniquePoints.png Graphic file (type png)

<use Z:/GBMWithVariableShrinkage/parameterTuning/5/avgSummaryGraphs/NoFilter/BF
vsOptNOT/AllUniquePoints.png>
Package pdftex.def Info: Z:/GBMWithVariableShrinkage/parameterTuning/5/avgSumma
ryGraphs/NoFilter/BFvsOptNOT/AllUniquePoints.png used on input line 422.
(pdftex.def)             Requested size: 361.34912pt x 229.57713pt.

<Z:/GBMWithVariableShrinkage/parameterTuning/5/avgSummaryGraphs/NoFilter/BFvsOp
tNOT/AllAllPoints.png, id=79, 361.35pt x 229.5777pt>
File: Z:/GBMWithVariableShrinkage/parameterTuning/5/avgSummaryGraphs/NoFilter/B
FvsOptNOT/AllAllPoints.png Graphic file (type png)

<use Z:/GBMWithVariableShrinkage/parameterTuning/5/avgSummaryGraphs/NoFilter/BF
vsOptNOT/AllAllPoints.png>
Package pdftex.def Info: Z:/GBMWithVariableShrinkage/parameterTuning/5/avgSumma
ryGraphs/NoFilter/BFvsOptNOT/AllAllPoints.png used on input line 425.
(pdftex.def)             Requested size: 361.34912pt x 229.57713pt.

<Z:/GBMWithVariableShrinkage/parameterTuning/5/avgSummaryGraphs/NoFilter/MEINvs
OptNOT/AllUniquePoints.png, id=80, 361.35pt x 229.0959pt>
File: Z:/GBMWithVariableShrinkage/parameterTuning/5/avgSummaryGraphs/NoFilter/M
EINvsOptNOT/AllUniquePoints.png Graphic file (type png)

<use Z:/GBMWithVariableShrinkage/parameterTuning/5/avgSummaryGraphs/NoFilter/ME
INvsOptNOT/AllUniquePoints.png>
Package pdftex.def Info: Z:/GBMWithVariableShrinkage/parameterTuning/5/avgSumma
ryGraphs/NoFilter/MEINvsOptNOT/AllUniquePoints.png used on input line 428.
(pdftex.def)             Requested size: 361.34912pt x 229.09534pt.

<Z:/GBMWithVariableShrinkage/parameterTuning/5/avgSummaryGraphs/NoFilter/MEINvs
OptNOT/AllAllPoints.png, id=81, 361.35pt x 229.0959pt>
File: Z:/GBMWithVariableShrinkage/parameterTuning/5/avgSummaryGraphs/NoFilter/M
EINvsOptNOT/AllAllPoints.png Graphic file (type png)

<use Z:/GBMWithVariableShrinkage/parameterTuning/5/avgSummaryGraphs/NoFilter/ME
INvsOptNOT/AllAllPoints.png>
Package pdftex.def Info: Z:/GBMWithVariableShrinkage/parameterTuning/5/avgSumma
ryGraphs/NoFilter/MEINvsOptNOT/AllAllPoints.png used on input line 431.
(pdftex.def)             Requested size: 361.34912pt x 229.09534pt.
) (finalReport.bbl
** WARNING: IEEEtran.bst: No hyphenation pattern has been
** loaded for the language `English'. Using the pattern for
** the default language instead.
** WARNING: IEEEtran.bst: No hyphenation pattern has been
** loaded for the language `English'. Using the pattern for
** the default language instead.
** WARNING: IEEEtran.bst: No hyphenation pattern has been
** loaded for the language `English'. Using the pattern for
** the default language instead.
** WARNING: IEEEtran.bst: No hyphenation pattern has been
** loaded for the language `English'. Using the pattern for
** the default language instead.
[5 <Z:/GBMWithVariableShrinkage/parameterTuning/5/errorCurveLegend.png (PNG cop
y)> <Z:/GBMWithVariableShrinkage/parameterTuning/5/runDataSummaryGraphLegend.pn
g (PNG copy)>]
** WARNING: IEEEtran.bst: No hyphenation pattern has been
** loaded for the language `English'. Using the pattern for
** the default language instead.
** WARNING: IEEEtran.bst: No hyphenation pattern has been
** loaded for the language `English'. Using the pattern for
** the default language instead.
Missing character: There is no  in font ptmr7t!
Missing character: There is no  in font ptmr7t!
Missing character: There is no  in font ptmr7t!
Missing character: There is no  in font ptmr7t!
[6])

** Conference Paper **
Before submitting the final camera ready copy, remember to:

 1. Manually equalize the lengths of two columns on the last page
 of your paper;

 2. Ensure that any PostScript and/or PDF output post-processing
 uses only Type 1 fonts and that every step in the generation
 process uses the appropriate paper size.

[7 <Z:/GBMWithVariableShrinkage/parameterTuning/5/avgSummaryGraphs/NoFilter/Min
LRvsTIME/VarUniquePoints.png (PNG copy)> <Z:/GBMWithVariableShrinkage/parameter
Tuning/5/avgSummaryGraphs/NoFilter/MinLRvsTIME/VarAllPoints.png (PNG copy)> <Z:
/GBMWithVariableShrinkage/parameterTuning/5/avgSummaryGraphs/NoFilter/MaxLRvsTI
ME/VarUniquePoints.png (PNG copy)> <Z:/GBMWithVariableShrinkage/parameterTuning
/5/avgSummaryGraphs/NoFilter/MaxLRvsTIME/VarAllPoints.png (PNG copy)> <Z:/GBMWi
thVariableShrinkage/parameterTuning/5/avgSummaryGraphs/NoFilter/MaxSplitsvsTIME
/AllUniquePoints.png (PNG copy)> <Z:/GBMWithVariableShrinkage/parameterTuning/5
/avgSummaryGraphs/NoFilter/MaxSplitsvsTIME/AllAllPoints.png (PNG copy)> <Z:/GBM
WithVariableShrinkage/parameterTuning/5/avgSummaryGraphs/NoFilter/BFvsTIME/AllU
niquePoints.png (PNG copy)> <Z:/GBMWithVariableShrinkage/parameterTuning/5/avgS
ummaryGraphs/NoFilter/BFvsTIME/AllAllPoints.png (PNG copy)> <Z:/GBMWithVariable
Shrinkage/parameterTuning/5/avgSummaryGraphs/NoFilter/MEINvsTIME/AllUniquePoint
s.png (PNG copy)> <Z:/GBMWithVariableShrinkage/parameterTuning/5/avgSummaryGrap
hs/NoFilter/MEINvsTIME/AllAllPoints.png (PNG copy)>] [8 <Z:/GBMWithVariableShri
nkage/parameterTuning/5/avgSummaryGraphs/NoFilter/MinLRvsADTE/VarUniquePoints.p
ng (PNG copy)> <Z:/GBMWithVariableShrinkage/parameterTuning/5/avgSummaryGraphs/
NoFilter/MinLRvsADTE/VarAllPoints.png (PNG copy)> <Z:/GBMWithVariableShrinkage/
parameterTuning/5/avgSummaryGraphs/NoFilter/MaxLRvsADTE/VarUniquePoints.png (PN
G copy)> <Z:/GBMWithVariableShrinkage/parameterTuning/5/avgSummaryGraphs/NoFilt
er/MaxLRvsADTE/VarAllPoints.png (PNG copy)> <Z:/GBMWithVariableShrinkage/parame
terTuning/5/avgSummaryGraphs/NoFilter/MaxSplitsvsADTE/AllUniquePoints.png (PNG 
copy)> <Z:/GBMWithVariableShrinkage/parameterTuning/5/avgSummaryGraphs/NoFilter
/MaxSplitsvsADTE/AllAllPoints.png (PNG copy)> <Z:/GBMWithVariableShrinkage/para
meterTuning/5/avgSummaryGraphs/NoFilter/BFvsADTE/AllUniquePoints.png (PNG copy)
> <Z:/GBMWithVariableShrinkage/parameterTuning/5/avgSummaryGraphs/NoFilter/BFvs
ADTE/AllAllPoints.png (PNG copy)> <Z:/GBMWithVariableShrinkage/parameterTuning/
5/avgSummaryGraphs/NoFilter/MEINvsADTE/AllUniquePoints.png (PNG copy)> <Z:/GBMW
ithVariableShrinkage/parameterTuning/5/avgSummaryGraphs/NoFilter/MEINvsADTE/All
AllPoints.png (PNG copy)> <Z:/GBMWithVariableShrinkage/parameterTuning/5/avgSum
maryGraphs/NoFilter/MinLRvsCvEnsTestError/VarUniquePoints.png (PNG copy)> <Z:/G
BMWithVariableShrinkage/parameterTuning/5/avgSummaryGraphs/NoFilter/MinLRvsCvEn
sTestError/VarAllPoints.png (PNG copy)> <Z:/GBMWithVariableShrinkage/parameterT
uning/5/avgSummaryGraphs/NoFilter/MaxLRvsCvEnsTestError/VarUniquePoints.png (PN
G copy)> <Z:/GBMWithVariableShrinkage/parameterTuning/5/avgSummaryGraphs/NoFilt
er/MaxLRvsCvEnsTestError/VarAllPoints.png (PNG copy)> <Z:/GBMWithVariableShrink
age/parameterTuning/5/avgSummaryGraphs/NoFilter/MaxSplitsvsCvEnsTestError/AllUn
iquePoints.png (PNG copy)> <Z:/GBMWithVariableShrinkage/parameterTuning/5/avgSu
mmaryGraphs/NoFilter/MaxSplitsvsCvEnsTestError/AllAllPoints.png (PNG copy)> <Z:
/GBMWithVariableShrinkage/parameterTuning/5/avgSummaryGraphs/NoFilter/BFvsCvEns
TestError/AllUniquePoints.png (PNG copy)> <Z:/GBMWithVariableShrinkage/paramete
rTuning/5/avgSummaryGraphs/NoFilter/BFvsCvEnsTestError/AllAllPoints.png (PNG co
py)> <Z:/GBMWithVariableShrinkage/parameterTuning/5/avgSummaryGraphs/NoFilter/M
EINvsCvEnsTestError/AllUniquePoints.png (PNG copy)> <Z:/GBMWithVariableShrinkag
e/parameterTuning/5/avgSummaryGraphs/NoFilter/MEINvsCvEnsTestError/AllAllPoints
.png (PNG copy)>] [9 <Z:/GBMWithVariableShrinkage/parameterTuning/5/avgSummaryG
raphs/NoFilter/MinLRvsCvValidError/VarUniquePoints.png (PNG copy)> <Z:/GBMWithV
ariableShrinkage/parameterTuning/5/avgSummaryGraphs/NoFilter/MinLRvsCvValidErro
r/VarAllPoints.png (PNG copy)> <Z:/GBMWithVariableShrinkage/parameterTuning/5/a
vgSummaryGraphs/NoFilter/MaxLRvsCvValidError/VarUniquePoints.png (PNG copy)> <Z
:/GBMWithVariableShrinkage/parameterTuning/5/avgSummaryGraphs/NoFilter/MaxLRvsC
vValidError/VarAllPoints.png (PNG copy)> <Z:/GBMWithVariableShrinkage/parameter
Tuning/5/avgSummaryGraphs/NoFilter/MaxSplitsvsCvValidError/AllUniquePoints.png 
(PNG copy)> <Z:/GBMWithVariableShrinkage/parameterTuning/5/avgSummaryGraphs/NoF
ilter/MaxSplitsvsCvValidError/AllAllPoints.png (PNG copy)> <Z:/GBMWithVariableS
hrinkage/parameterTuning/5/avgSummaryGraphs/NoFilter/BFvsCvValidError/AllUnique
Points.png (PNG copy)> <Z:/GBMWithVariableShrinkage/parameterTuning/5/avgSummar
yGraphs/NoFilter/BFvsCvValidError/AllAllPoints.png (PNG copy)> <Z:/GBMWithVaria
bleShrinkage/parameterTuning/5/avgSummaryGraphs/NoFilter/MEINvsCvValidError/All
UniquePoints.png (PNG copy)> <Z:/GBMWithVariableShrinkage/parameterTuning/5/avg
SummaryGraphs/NoFilter/MEINvsCvValidError/AllAllPoints.png (PNG copy)> <Z:/GBMW
ithVariableShrinkage/parameterTuning/5/avgSummaryGraphs/NoFilter/MinLRvsOptNOT/
VarUniquePoints.png (PNG copy)> <Z:/GBMWithVariableShrinkage/parameterTuning/5/
avgSummaryGraphs/NoFilter/MinLRvsOptNOT/VarAllPoints.png (PNG copy)> <Z:/GBMWit
hVariableShrinkage/parameterTuning/5/avgSummaryGraphs/NoFilter/MaxLRvsOptNOT/Va
rUniquePoints.png (PNG copy)> <Z:/GBMWithVariableShrinkage/parameterTuning/5/av
gSummaryGraphs/NoFilter/MaxLRvsOptNOT/VarAllPoints.png (PNG copy)> <Z:/GBMWithV
ariableShrinkage/parameterTuning/5/avgSummaryGraphs/NoFilter/MaxSplitsvsOptNOT/
AllUniquePoints.png (PNG copy)> <Z:/GBMWithVariableShrinkage/parameterTuning/5/
avgSummaryGraphs/NoFilter/MaxSplitsvsOptNOT/AllAllPoints.png (PNG copy)> <Z:/GB
MWithVariableShrinkage/parameterTuning/5/avgSummaryGraphs/NoFilter/BFvsOptNOT/A
llUniquePoints.png (PNG copy)> <Z:/GBMWithVariableShrinkage/parameterTuning/5/a
vgSummaryGraphs/NoFilter/BFvsOptNOT/AllAllPoints.png (PNG copy)> <Z:/GBMWithVar
iableShrinkage/parameterTuning/5/avgSummaryGraphs/NoFilter/MEINvsOptNOT/AllUniq
uePoints.png (PNG copy)> <Z:/GBMWithVariableShrinkage/parameterTuning/5/avgSumm
aryGraphs/NoFilter/MEINvsOptNOT/AllAllPoints.png (PNG copy)>] (finalReport.aux)
 ) 
Here is how much of TeX's memory you used:
 17406 strings out of 493673
 343167 string characters out of 3141530
 2561095 words of memory out of 3000000
 20424 multiletter control sequences out of 15000+200000
 42990 words of font info for 79 fonts, out of 3000000 for 9000
 1028 hyphenation exceptions out of 8191
 1003i,15n,1003p,1049b,688s stack positions out of 5000i,500n,10000p,200000b,50000s
{C:/Program Files (x86)/MiKTeX 2.9/fonts/enc/dvips/fontname/8r.enc}<C:/Progra
m Files (x86)/MiKTeX 2.9/fonts/type1/public/amsfonts/cm/cmex10.pfb><C:/Program 
Files (x86)/MiKTeX 2.9/fonts/type1/public/amsfonts/cm/cmmi5.pfb><C:/Program Fil
es (x86)/MiKTeX 2.9/fonts/type1/public/amsfonts/cm/cmmi6.pfb><C:/Program Files 
(x86)/MiKTeX 2.9/fonts/type1/public/amsfonts/cm/cmmi9.pfb><C:/Program Files (x8
6)/MiKTeX 2.9/fonts/type1/public/amsfonts/cm/cmr6.pfb><C:/Program Files (x86)/M
iKTeX 2.9/fonts/type1/public/amsfonts/cm/cmr9.pfb><C:/Program Files (x86)/MiKTe
X 2.9/fonts/type1/public/amsfonts/cm/cmsy6.pfb><C:/Program Files (x86)/MiKTeX 2
.9/fonts/type1/public/amsfonts/cm/cmsy8.pfb><C:/Program Files (x86)/MiKTeX 2.9/
fonts/type1/public/amsfonts/cm/cmsy9.pfb><C:/Program Files (x86)/MiKTeX 2.9/fon
ts/type1/urw/helvetic/uhvr8a.pfb><C:/Program Files (x86)/MiKTeX 2.9/fonts/type1
/urw/times/utmb8a.pfb><C:/Program Files (x86)/MiKTeX 2.9/fonts/type1/urw/times/
utmbi8a.pfb><C:/Program Files (x86)/MiKTeX 2.9/fonts/type1/urw/times/utmr8a.pfb
><C:/Program Files (x86)/MiKTeX 2.9/fonts/type1/urw/times/utmri8a.pfb>
Output written on finalReport.pdf (9 pages, 2250856 bytes).
PDF statistics:
 144 PDF objects out of 1000 (max. 8388607)
 0 named destinations out of 1000 (max. 500000)
 273 words of extra memory for PDF output out of 10000 (max. 10000000)

